<?xml version="1.0" encoding="UTF-8"?>
<testsuite xmlns:xsi="http://www.w3.org/2001/XMLSchema-instance" xsi:noNamespaceSchemaLocation="https://maven.apache.org/surefire/maven-surefire-plugin/xsd/surefire-test-report-3.0.xsd" version="3.0" name="praktikum.model.CreateOrderTest" time="14.699" tests="4" errors="0" skipped="0" failures="0">
  <properties>
    <property name="sun.desktop" value="windows"/>
    <property name="awt.toolkit" value="sun.awt.windows.WToolkit"/>
    <property name="java.specification.version" value="11"/>
    <property name="sun.cpu.isalist" value="amd64"/>
    <property name="sun.jnu.encoding" value="Cp1251"/>
    <property name="java.class.path" value="C:\Users\marki\Diplom\QA-java-diplom-2\target\test-classes;C:\Users\marki\Diplom\QA-java-diplom-2\target\classes;C:\Users\marki\.m2\repository\junit\junit\4.13.2\junit-4.13.2.jar;C:\Users\marki\.m2\repository\org\hamcrest\hamcrest-core\1.3\hamcrest-core-1.3.jar;C:\Users\marki\.m2\repository\io\qameta\allure\allure-junit4\2.25.0\allure-junit4-2.25.0.jar;C:\Users\marki\.m2\repository\io\qameta\allure\allure-java-commons\2.25.0\allure-java-commons-2.25.0.jar;C:\Users\marki\.m2\repository\org\slf4j\slf4j-api\1.7.36\slf4j-api-1.7.36.jar;C:\Users\marki\.m2\repository\io\qameta\allure\allure-model\2.25.0\allure-model-2.25.0.jar;C:\Users\marki\.m2\repository\io\qameta\allure\allure-test-filter\2.25.0\allure-test-filter-2.25.0.jar;C:\Users\marki\.m2\repository\com\github\javafaker\javafaker\1.0.2\javafaker-1.0.2.jar;C:\Users\marki\.m2\repository\org\apache\commons\commons-lang3\3.5\commons-lang3-3.5.jar;C:\Users\marki\.m2\repository\org\yaml\snakeyaml\1.23\snakeyaml-1.23-android.jar;C:\Users\marki\.m2\repository\com\github\mifmif\generex\1.0.2\generex-1.0.2.jar;C:\Users\marki\.m2\repository\dk\brics\automaton\automaton\1.11-8\automaton-1.11-8.jar;C:\Users\marki\.m2\repository\io\rest-assured\rest-assured\5.3.0\rest-assured-5.3.0.jar;C:\Users\marki\.m2\repository\org\apache\groovy\groovy\4.0.6\groovy-4.0.6.jar;C:\Users\marki\.m2\repository\org\apache\groovy\groovy-xml\4.0.6\groovy-xml-4.0.6.jar;C:\Users\marki\.m2\repository\org\apache\httpcomponents\httpclient\4.5.13\httpclient-4.5.13.jar;C:\Users\marki\.m2\repository\org\apache\httpcomponents\httpcore\4.4.13\httpcore-4.4.13.jar;C:\Users\marki\.m2\repository\commons-logging\commons-logging\1.2\commons-logging-1.2.jar;C:\Users\marki\.m2\repository\commons-codec\commons-codec\1.11\commons-codec-1.11.jar;C:\Users\marki\.m2\repository\org\apache\httpcomponents\httpmime\4.5.13\httpmime-4.5.13.jar;C:\Users\marki\.m2\repository\org\hamcrest\hamcrest\2.1\hamcrest-2.1.jar;C:\Users\marki\.m2\repository\org\ccil\cowan\tagsoup\tagsoup\1.2.1\tagsoup-1.2.1.jar;C:\Users\marki\.m2\repository\io\rest-assured\json-path\5.3.0\json-path-5.3.0.jar;C:\Users\marki\.m2\repository\org\apache\groovy\groovy-json\4.0.6\groovy-json-4.0.6.jar;C:\Users\marki\.m2\repository\io\rest-assured\rest-assured-common\5.3.0\rest-assured-common-5.3.0.jar;C:\Users\marki\.m2\repository\io\rest-assured\xml-path\5.3.0\xml-path-5.3.0.jar;C:\Users\marki\.m2\repository\io\qameta\allure\allure-rest-assured\2.25.0\allure-rest-assured-2.25.0.jar;C:\Users\marki\.m2\repository\io\qameta\allure\allure-attachments\2.25.0\allure-attachments-2.25.0.jar;C:\Users\marki\.m2\repository\org\freemarker\freemarker\2.3.31\freemarker-2.3.31.jar;C:\Users\marki\.m2\repository\com\google\code\gson\gson\2.10.1\gson-2.10.1.jar;C:\Users\marki\.m2\repository\net\datafaker\datafaker\1.9.0\datafaker-1.9.0.jar;C:\Users\marki\.m2\repository\org\yaml\snakeyaml\2.0\snakeyaml-2.0.jar;C:\Users\marki\.m2\repository\org\projectlombok\lombok\1.18.30\lombok-1.18.30.jar;"/>
    <property name="java.vm.vendor" value="Amazon.com Inc."/>
    <property name="sun.arch.data.model" value="64"/>
    <property name="user.variant" value=""/>
    <property name="java.vendor.url" value="https://aws.amazon.com/corretto/"/>
    <property name="user.timezone" value="Europe/Moscow"/>
    <property name="java.vm.specification.version" value="11"/>
    <property name="os.name" value="Windows 10"/>
    <property name="sun.java.launcher" value="SUN_STANDARD"/>
    <property name="user.country" value="RU"/>
    <property name="sun.boot.library.path" value="C:\Program Files\Amazon Corretto\jdk11.0.21_9\bin"/>
    <property name="sun.java.command" value="C:\Users\marki\AppData\Local\Temp\surefire9706629342542669129\surefirebooter-20240309144407464_3.jar C:\Users\marki\AppData\Local\Temp\surefire9706629342542669129 2024-03-09T14-44-06_957-jvmRun1 surefire-20240309144407464_1tmp surefire_0-20240309144407464_2tmp"/>
    <property name="jdk.debug" value="release"/>
    <property name="surefire.test.class.path" value="C:\Users\marki\Diplom\QA-java-diplom-2\target\test-classes;C:\Users\marki\Diplom\QA-java-diplom-2\target\classes;C:\Users\marki\.m2\repository\junit\junit\4.13.2\junit-4.13.2.jar;C:\Users\marki\.m2\repository\org\hamcrest\hamcrest-core\1.3\hamcrest-core-1.3.jar;C:\Users\marki\.m2\repository\io\qameta\allure\allure-junit4\2.25.0\allure-junit4-2.25.0.jar;C:\Users\marki\.m2\repository\io\qameta\allure\allure-java-commons\2.25.0\allure-java-commons-2.25.0.jar;C:\Users\marki\.m2\repository\org\slf4j\slf4j-api\1.7.36\slf4j-api-1.7.36.jar;C:\Users\marki\.m2\repository\io\qameta\allure\allure-model\2.25.0\allure-model-2.25.0.jar;C:\Users\marki\.m2\repository\io\qameta\allure\allure-test-filter\2.25.0\allure-test-filter-2.25.0.jar;C:\Users\marki\.m2\repository\com\github\javafaker\javafaker\1.0.2\javafaker-1.0.2.jar;C:\Users\marki\.m2\repository\org\apache\commons\commons-lang3\3.5\commons-lang3-3.5.jar;C:\Users\marki\.m2\repository\org\yaml\snakeyaml\1.23\snakeyaml-1.23-android.jar;C:\Users\marki\.m2\repository\com\github\mifmif\generex\1.0.2\generex-1.0.2.jar;C:\Users\marki\.m2\repository\dk\brics\automaton\automaton\1.11-8\automaton-1.11-8.jar;C:\Users\marki\.m2\repository\io\rest-assured\rest-assured\5.3.0\rest-assured-5.3.0.jar;C:\Users\marki\.m2\repository\org\apache\groovy\groovy\4.0.6\groovy-4.0.6.jar;C:\Users\marki\.m2\repository\org\apache\groovy\groovy-xml\4.0.6\groovy-xml-4.0.6.jar;C:\Users\marki\.m2\repository\org\apache\httpcomponents\httpclient\4.5.13\httpclient-4.5.13.jar;C:\Users\marki\.m2\repository\org\apache\httpcomponents\httpcore\4.4.13\httpcore-4.4.13.jar;C:\Users\marki\.m2\repository\commons-logging\commons-logging\1.2\commons-logging-1.2.jar;C:\Users\marki\.m2\repository\commons-codec\commons-codec\1.11\commons-codec-1.11.jar;C:\Users\marki\.m2\repository\org\apache\httpcomponents\httpmime\4.5.13\httpmime-4.5.13.jar;C:\Users\marki\.m2\repository\org\hamcrest\hamcrest\2.1\hamcrest-2.1.jar;C:\Users\marki\.m2\repository\org\ccil\cowan\tagsoup\tagsoup\1.2.1\tagsoup-1.2.1.jar;C:\Users\marki\.m2\repository\io\rest-assured\json-path\5.3.0\json-path-5.3.0.jar;C:\Users\marki\.m2\repository\org\apache\groovy\groovy-json\4.0.6\groovy-json-4.0.6.jar;C:\Users\marki\.m2\repository\io\rest-assured\rest-assured-common\5.3.0\rest-assured-common-5.3.0.jar;C:\Users\marki\.m2\repository\io\rest-assured\xml-path\5.3.0\xml-path-5.3.0.jar;C:\Users\marki\.m2\repository\io\qameta\allure\allure-rest-assured\2.25.0\allure-rest-assured-2.25.0.jar;C:\Users\marki\.m2\repository\io\qameta\allure\allure-attachments\2.25.0\allure-attachments-2.25.0.jar;C:\Users\marki\.m2\repository\org\freemarker\freemarker\2.3.31\freemarker-2.3.31.jar;C:\Users\marki\.m2\repository\com\google\code\gson\gson\2.10.1\gson-2.10.1.jar;C:\Users\marki\.m2\repository\net\datafaker\datafaker\1.9.0\datafaker-1.9.0.jar;C:\Users\marki\.m2\repository\org\yaml\snakeyaml\2.0\snakeyaml-2.0.jar;C:\Users\marki\.m2\repository\org\projectlombok\lombok\1.18.30\lombok-1.18.30.jar;"/>
    <property name="sun.cpu.endian" value="little"/>
    <property name="allure.results.directory" value="C:\Users\marki\Diplom\QA-java-diplom-2\target/allure-results"/>
    <property name="user.home" value="C:\Users\marki"/>
    <property name="user.language" value="ru"/>
    <property name="java.specification.vendor" value="Oracle Corporation"/>
    <property name="java.version.date" value="2023-10-17"/>
    <property name="java.home" value="C:\Program Files\Amazon Corretto\jdk11.0.21_9"/>
    <property name="file.separator" value="\"/>
    <property name="basedir" value="C:\Users\marki\Diplom\QA-java-diplom-2"/>
    <property name="java.vm.compressedOopsMode" value="Zero based"/>
    <property name="line.separator" value="&#10;"/>
    <property name="java.specification.name" value="Java Platform API Specification"/>
    <property name="java.vm.specification.vendor" value="Oracle Corporation"/>
    <property name="java.awt.graphicsenv" value="sun.awt.Win32GraphicsEnvironment"/>
    <property name="surefire.real.class.path" value="C:\Users\marki\AppData\Local\Temp\surefire9706629342542669129\surefirebooter-20240309144407464_3.jar"/>
    <property name="user.script" value=""/>
    <property name="sun.management.compiler" value="HotSpot 64-Bit Tiered Compilers"/>
    <property name="java.runtime.version" value="11.0.21+9-LTS"/>
    <property name="user.name" value="marki"/>
    <property name="path.separator" value=";"/>
    <property name="os.version" value="10.0"/>
    <property name="java.runtime.name" value="OpenJDK Runtime Environment"/>
    <property name="file.encoding" value="Cp1251"/>
    <property name="java.vm.name" value="OpenJDK 64-Bit Server VM"/>
    <property name="java.vendor.version" value="Corretto-11.0.21.9.1"/>
    <property name="localRepository" value="C:\Users\marki\.m2\repository"/>
    <property name="java.vendor.url.bug" value="https://github.com/corretto/corretto-11/issues/"/>
    <property name="java.io.tmpdir" value="C:\Users\marki\AppData\Local\Temp\"/>
    <property name="idea.version" value="2023.3.4"/>
    <property name="java.version" value="11.0.21"/>
    <property name="user.dir" value="C:\Users\marki\Diplom\QA-java-diplom-2"/>
    <property name="os.arch" value="amd64"/>
    <property name="java.vm.specification.name" value="Java Virtual Machine Specification"/>
    <property name="java.awt.printerjob" value="sun.awt.windows.WPrinterJob"/>
    <property name="sun.os.patch.level" value=""/>
    <property name="java.library.path" value="C:\Program Files\Amazon Corretto\jdk11.0.21_9\bin;C:\Windows\Sun\Java\bin;C:\Windows\system32;C:\Windows;C:\Program Files\Amazon Corretto\jdk11.0.21_9\bin;C:\Program Files\Common Files\Oracle\Java\javapath;C:\Program Files (x86)\Common Files\Oracle\Java\javapath;C:\Windows\system32;C:\Windows;C:\Windows\System32\Wbem;C:\Windows\System32\WindowsPowerShell\v1.0\;C:\Windows\System32\OpenSSH\;C:\Program Files\apache-maven-3.9.5\bin;C:\Program Files\Git\cmd;C:\Program Files\Git\mingw64\bin;C:\Program Files\Git\usr\bin;C:\Program Files (x86)\Yarn\bin\;C:\Program Files\nodejs\;C:\Program Files\allure-2.27.0\bin;;C:\Program Files\Docker\Docker\resources\bin;C:\Program Files\Amazon Corretto\jdk11.0.21_9\bin;C:\Program Files\Common Files\Oracle\Java\javapath;C:\Program Files (x86)\Common Files\Oracle\Java\javapath;C:\Windows\system32;C:\Windows;C:\Windows\System32\Wbem;C:\Windows\System32\WindowsPowerShell\v1.0\;C:\Windows\System32\OpenSSH\;C:\Program Files\apache-maven-3.9.5\bin;C:\Program Files\Git\cmd;C:\Program Files\Git\mingw64\bin;C:\Program Files\Git\usr\bin;C:\Program Files (x86)\Yarn\bin\;C:\Program Files\nodejs\;C:\Program Files\allure-2.27.0\bin;;C:\Program Files\Docker\Docker\resources\bin;;."/>
    <property name="java.vm.info" value="mixed mode"/>
    <property name="java.vendor" value="Amazon.com Inc."/>
    <property name="java.vm.version" value="11.0.21+9-LTS"/>
    <property name="java.specification.maintenance.version" value="2"/>
    <property name="sun.io.unicode.encoding" value="UnicodeLittle"/>
    <property name="java.class.version" value="55.0"/>
  </properties>
  <testcase name="createOrderWithInvalidHash" classname="praktikum.model.CreateOrderTest" time="8.891">
    <system-out><![CDATA[Request method:	POST
Request URI:	https://stellarburgers.nomoreparties.site/api/auth/register
Proxy:			<none>
Request params:	<none>
Query params:	<none>
Form params:	<none>
Path params:	<none>
Headers:		Accept=*/*
				Content-Type=application/json
Cookies:		<none>
Multiparts:		<none>
Body:
{
    "email": "santos.simonis@yandex.ru",
    "password": "BjOFbgCprQ",
    "name": "Huey Leannon"
}
HTTP/1.1 200 OK
Date: Sat, 09 Mar 2024 11:44:17 GMT
Content-Type: application/json; charset=utf-8
Transfer-Encoding: chunked
Connection: keep-alive
X-Powered-By: Express
Access-Control-Allow-Origin: *
authorization: Bearer eyJhbGciOiJIUzI1NiIsInR5cCI6IkpXVCJ9.eyJpZCI6IjY1ZWM0YjkxOWVkMjgwMDAxYjNjODYwMyIsImlhdCI6MTcwOTk4NDY1NywiZXhwIjoxNzA5OTg1ODU3fQ.zcj1x6qwpp1tri5LrteY6A1bP8cEB-BPZDRtzcT6UDE
ETag: W/"177-81e54Rfu7GXxR2D1JzsSD1d5fag"
CF-Cache-Status: DYNAMIC
Report-To: {"endpoints":[{"url":"https:\/\/a.nel.cloudflare.com\/report\/v3?s=YoGEB7Qb80ZxMn7y%2Byaon5w5ypn1ZJhJpBDHgLjxTQwQVgU9xQiRTmJbKX%2Bwg62oCAGwtaFw2rt2KOIfIzaxtIbG0ZAK%2B55JcjfGOup%2Blh2ULknGayC%2BFUX84l8DN%2BNCq7N9bXryYQqjNIwafrquH2gZm%2FA%3D"}],"group":"cf-nel","max_age":604800}
NEL: {"success_fraction":0,"report_to":"cf-nel","max_age":604800}
Server: cloudflare
CF-RAY: 861acfec584b9950-FRA
Content-Encoding: gzip
alt-svc: h3=":443"; ma=86400

{
    "success": true,
    "user": {
        "email": "santos.simonis@yandex.ru",
        "name": "Huey Leannon"
    },
    "accessToken": "Bearer eyJhbGciOiJIUzI1NiIsInR5cCI6IkpXVCJ9.eyJpZCI6IjY1ZWM0YjkxOWVkMjgwMDAxYjNjODYwMyIsImlhdCI6MTcwOTk4NDY1NywiZXhwIjoxNzA5OTg1ODU3fQ.zcj1x6qwpp1tri5LrteY6A1bP8cEB-BPZDRtzcT6UDE",
    "refreshToken": "c6589794a063dbaf7a5551b4753a3fc96834acc046fab4e5b6c96802bc0801dca14328fee73620bd"
}
Request method:	POST
Request URI:	https://stellarburgers.nomoreparties.site/api/auth/login
Proxy:			<none>
Request params:	<none>
Query params:	<none>
Form params:	<none>
Path params:	<none>
Headers:		Accept=*/*
				Content-Type=application/json
Cookies:		<none>
Multiparts:		<none>
Body:
{
    "email": "santos.simonis@yandex.ru",
    "password": "BjOFbgCprQ",
    "name": "Huey Leannon"
}
HTTP/1.1 200 OK
Date: Sat, 09 Mar 2024 11:44:17 GMT
Content-Type: application/json; charset=utf-8
Transfer-Encoding: chunked
Connection: keep-alive
X-Powered-By: Express
Access-Control-Allow-Origin: *
ETag: W/"177-DqnpQjxWf+AJeHQe2AGT41QYP8s"
CF-Cache-Status: DYNAMIC
Report-To: {"endpoints":[{"url":"https:\/\/a.nel.cloudflare.com\/report\/v3?s=r2FeRSFtH4taX1fYXMjRZj%2FRSGCmUAhHV8goEWflqm%2FBtAJOYAl9YqnVRPK%2FZLTiejEp1tBhcKFIf8A4ceYJrrE51VndJqV9%2BoTZu3qpflztSKppvbY2biklBJtja2BmMYuc8MXuJdU%2FFuJSjTm5VJFYuns%3D"}],"group":"cf-nel","max_age":604800}
NEL: {"success_fraction":0,"report_to":"cf-nel","max_age":604800}
Server: cloudflare
CF-RAY: 861acfee98a7383e-FRA
Content-Encoding: gzip
alt-svc: h3=":443"; ma=86400

{
    "success": true,
    "accessToken": "Bearer eyJhbGciOiJIUzI1NiIsInR5cCI6IkpXVCJ9.eyJpZCI6IjY1ZWM0YjkxOWVkMjgwMDAxYjNjODYwMyIsImlhdCI6MTcwOTk4NDY1NywiZXhwIjoxNzA5OTg1ODU3fQ.zcj1x6qwpp1tri5LrteY6A1bP8cEB-BPZDRtzcT6UDE",
    "refreshToken": "4891ceb98ef6a26c0e338213e52de2a1f569f1b88c958629ed25daf2a592660b00ad406247acb36b",
    "user": {
        "email": "santos.simonis@yandex.ru",
        "name": "Huey Leannon"
    }
}
Request method:	POST
Request URI:	https://stellarburgers.nomoreparties.site/api/orders
Proxy:			<none>
Request params:	<none>
Query params:	<none>
Form params:	<none>
Path params:	<none>
Headers:		Authorization=Bearer eyJhbGciOiJIUzI1NiIsInR5cCI6IkpXVCJ9.eyJpZCI6IjY1ZWM0YjkxOWVkMjgwMDAxYjNjODYwMyIsImlhdCI6MTcwOTk4NDY1NywiZXhwIjoxNzA5OTg1ODU3fQ.zcj1x6qwpp1tri5LrteY6A1bP8cEB-BPZDRtzcT6UDE
				Accept=*/*
				Content-Type=application/json
Cookies:		<none>
Multiparts:		<none>
Body:
{
    "ingredients": [
        "invalid hash"
    ]
}
HTTP/1.1 400 Bad Request
Date: Sat, 09 Mar 2024 11:44:19 GMT
Content-Type: application/json; charset=utf-8
Content-Length: 68
Connection: keep-alive
X-Powered-By: Express
Access-Control-Allow-Origin: *
ETag: W/"44-iv5yjzJnIFw/3XSnnHvmvdpwQ0Y"
CF-Cache-Status: DYNAMIC
Report-To: {"endpoints":[{"url":"https:\/\/a.nel.cloudflare.com\/report\/v3?s=RyKKAt4fpi7yWuNG4nXCnBH9J8bQqzK8LAJkP1tpcv89LXFqOcmQ2Q6rhRKqVf0KOw6CbgCR%2BI1gmhSR%2FlEYc8y9jeNKx6sA4in8aUP%2B44OePATBjg5WOAJxLJin6vsKPAY%2BcHkP%2BfiqiDTSuazcDgTNaFQ%3D"}],"group":"cf-nel","max_age":604800}
NEL: {"success_fraction":0,"report_to":"cf-nel","max_age":604800}
Server: cloudflare
CF-RAY: 861acff83bfe3a8c-FRA
alt-svc: h3=":443"; ma=86400

{
    "success": false,
    "message": "One or more ids provided are incorrect"
}
HTTP/1.1 400 Bad Request
Date: Sat, 09 Mar 2024 11:44:19 GMT
Content-Type: application/json; charset=utf-8
Content-Length: 68
Connection: keep-alive
X-Powered-By: Express
Access-Control-Allow-Origin: *
ETag: W/"44-iv5yjzJnIFw/3XSnnHvmvdpwQ0Y"
CF-Cache-Status: DYNAMIC
Report-To: {"endpoints":[{"url":"https:\/\/a.nel.cloudflare.com\/report\/v3?s=RyKKAt4fpi7yWuNG4nXCnBH9J8bQqzK8LAJkP1tpcv89LXFqOcmQ2Q6rhRKqVf0KOw6CbgCR%2BI1gmhSR%2FlEYc8y9jeNKx6sA4in8aUP%2B44OePATBjg5WOAJxLJin6vsKPAY%2BcHkP%2BfiqiDTSuazcDgTNaFQ%3D"}],"group":"cf-nel","max_age":604800}
NEL: {"success_fraction":0,"report_to":"cf-nel","max_age":604800}
Server: cloudflare
CF-RAY: 861acff83bfe3a8c-FRA
alt-svc: h3=":443"; ma=86400

{
    "success": false,
    "message": "One or more ids provided are incorrect"
}
Request method:	DELETE
Request URI:	https://stellarburgers.nomoreparties.site/api/auth/user
Proxy:			<none>
Request params:	<none>
Query params:	<none>
Form params:	<none>
Path params:	<none>
Headers:		Authorization=Bearer eyJhbGciOiJIUzI1NiIsInR5cCI6IkpXVCJ9.eyJpZCI6IjY1ZWM0YjkxOWVkMjgwMDAxYjNjODYwMyIsImlhdCI6MTcwOTk4NDY1NywiZXhwIjoxNzA5OTg1ODU3fQ.zcj1x6qwpp1tri5LrteY6A1bP8cEB-BPZDRtzcT6UDE
				Accept=*/*
				Content-Type=application/json
Cookies:		<none>
Multiparts:		<none>
Body:
{
    "email": "santos.simonis@yandex.ru",
    "password": "BjOFbgCprQ",
    "name": "Huey Leannon"
}
HTTP/1.1 202 Accepted
Date: Sat, 09 Mar 2024 11:44:19 GMT
Content-Type: application/json; charset=utf-8
Content-Length: 54
Connection: keep-alive
X-Powered-By: Express
Access-Control-Allow-Origin: *
ETag: W/"36-hDmZnQ3Ou/ynnqAeC6TYmyseuzY"
CF-Cache-Status: DYNAMIC
Report-To: {"endpoints":[{"url":"https:\/\/a.nel.cloudflare.com\/report\/v3?s=H2JVEtSbtmomOX0ljNxL5pUpOgVbFagP%2BSa1jIjOWZNxAW85e51blsQH1sGhPViUqO50Duaz1ABx37KuWgYSj0dFc7NKfoZVU88Hg5quTlpJU4qgKnlVJ65jltlwtYupT%2FIUJfs18XvcAPE9cKFa9VTy6%2BE%3D"}],"group":"cf-nel","max_age":604800}
NEL: {"success_fraction":0,"report_to":"cf-nel","max_age":604800}
Server: cloudflare
CF-RAY: 861acffaba4cbbbf-FRA
alt-svc: h3=":443"; ma=86400

{
    "success": true,
    "message": "User successfully removed"
}
]]></system-out>
    <system-err><![CDATA[SLF4J: Failed to load class "org.slf4j.impl.StaticLoggerBinder".
SLF4J: Defaulting to no-operation (NOP) logger implementation
SLF4J: See http://www.slf4j.org/codes.html#StaticLoggerBinder for further details.
]]></system-err>
  </testcase>
  <testcase name="createOrderWithLogin" classname="praktikum.model.CreateOrderTest" time="2.319">
    <system-out><![CDATA[Request method:	POST
Request URI:	https://stellarburgers.nomoreparties.site/api/auth/register
Proxy:			<none>
Request params:	<none>
Query params:	<none>
Form params:	<none>
Path params:	<none>
Headers:		Accept=*/*
				Content-Type=application/json
Cookies:		<none>
Multiparts:		<none>
Body:
{
    "email": "august.funk@yandex.ru",
    "password": "CAevyqxbPm",
    "name": "Genoveva Wintheiser V"
}
HTTP/1.1 200 OK
Date: Sat, 09 Mar 2024 11:44:20 GMT
Content-Type: application/json; charset=utf-8
Transfer-Encoding: chunked
Connection: keep-alive
X-Powered-By: Express
Access-Control-Allow-Origin: *
authorization: Bearer eyJhbGciOiJIUzI1NiIsInR5cCI6IkpXVCJ9.eyJpZCI6IjY1ZWM0Yjk0OWVkMjgwMDAxYjNjODYwNiIsImlhdCI6MTcwOTk4NDY2MCwiZXhwIjoxNzA5OTg1ODYwfQ.QBDc3M-DAliB1KzQgUH9Vpw6OPsEu7JhKP5_dg3OZPw
ETag: W/"17d-S50Mo6zyg5E4vf5frjx7mIReuK8"
CF-Cache-Status: DYNAMIC
Report-To: {"endpoints":[{"url":"https:\/\/a.nel.cloudflare.com\/report\/v3?s=sSJW62NvNFJuGlRlPI2j1JouB8mgaLaQY6L4mXe1ok5CRLBQIGcLI%2FuJkQvSOo6PG%2BtB6bZu8dbQnXXHCVZwN2M%2FZ0I7o6yO3NPgoAIvP%2FTDK%2BUDuotA%2BDnIqIS3COe34iO2783pCOyQa0EotM0LaqKFrBs%3D"}],"group":"cf-nel","max_age":604800}
NEL: {"success_fraction":0,"report_to":"cf-nel","max_age":604800}
Server: cloudflare
CF-RAY: 861acfffbef568f2-FRA
Content-Encoding: gzip
alt-svc: h3=":443"; ma=86400

{
    "success": true,
    "user": {
        "email": "august.funk@yandex.ru",
        "name": "Genoveva Wintheiser V"
    },
    "accessToken": "Bearer eyJhbGciOiJIUzI1NiIsInR5cCI6IkpXVCJ9.eyJpZCI6IjY1ZWM0Yjk0OWVkMjgwMDAxYjNjODYwNiIsImlhdCI6MTcwOTk4NDY2MCwiZXhwIjoxNzA5OTg1ODYwfQ.QBDc3M-DAliB1KzQgUH9Vpw6OPsEu7JhKP5_dg3OZPw",
    "refreshToken": "343a3e8af08fb5402c6df57beaa59de244611457de842c33c7c4d53d9bde71083c43d3dd80e93f41"
}
Request method:	POST
Request URI:	https://stellarburgers.nomoreparties.site/api/auth/login
Proxy:			<none>
Request params:	<none>
Query params:	<none>
Form params:	<none>
Path params:	<none>
Headers:		Accept=*/*
				Content-Type=application/json
Cookies:		<none>
Multiparts:		<none>
Body:
{
    "email": "august.funk@yandex.ru",
    "password": "CAevyqxbPm",
    "name": "Genoveva Wintheiser V"
}
HTTP/1.1 200 OK
Date: Sat, 09 Mar 2024 11:44:20 GMT
Content-Type: application/json; charset=utf-8
Transfer-Encoding: chunked
Connection: keep-alive
X-Powered-By: Express
Access-Control-Allow-Origin: *
ETag: W/"17d-pG+083VVw/kaIoPgZmsllyhM8ak"
CF-Cache-Status: DYNAMIC
Report-To: {"endpoints":[{"url":"https:\/\/a.nel.cloudflare.com\/report\/v3?s=y42aXYhYFe144aC0p8fRqOLO08y4NATbkkD8eKuQtCOeyZdjKObKhI22QBWCb%2FuwwufixayrpF6gcIgB%2FUga0pmtq66ONOz98u6E0ISHu%2BXnWxN3X3amXEVWWhYVX2k8nwycHgH0sVLPQQ%2Fthpq42X98cXs%3D"}],"group":"cf-nel","max_age":604800}
NEL: {"success_fraction":0,"report_to":"cf-nel","max_age":604800}
Server: cloudflare
CF-RAY: 861ad001acaabbaa-FRA
Content-Encoding: gzip
alt-svc: h3=":443"; ma=86400

{
    "success": true,
    "accessToken": "Bearer eyJhbGciOiJIUzI1NiIsInR5cCI6IkpXVCJ9.eyJpZCI6IjY1ZWM0Yjk0OWVkMjgwMDAxYjNjODYwNiIsImlhdCI6MTcwOTk4NDY2MCwiZXhwIjoxNzA5OTg1ODYwfQ.QBDc3M-DAliB1KzQgUH9Vpw6OPsEu7JhKP5_dg3OZPw",
    "refreshToken": "274ea9ac6c840fd58cdfd712ce19e4a391e0480d123916c90cd354c308110cf1d81cf183ab9869e8",
    "user": {
        "email": "august.funk@yandex.ru",
        "name": "Genoveva Wintheiser V"
    }
}
Request method:	POST
Request URI:	https://stellarburgers.nomoreparties.site/api/orders
Proxy:			<none>
Request params:	<none>
Query params:	<none>
Form params:	<none>
Path params:	<none>
Headers:		Authorization=Bearer eyJhbGciOiJIUzI1NiIsInR5cCI6IkpXVCJ9.eyJpZCI6IjY1ZWM0Yjk0OWVkMjgwMDAxYjNjODYwNiIsImlhdCI6MTcwOTk4NDY2MCwiZXhwIjoxNzA5OTg1ODYwfQ.QBDc3M-DAliB1KzQgUH9Vpw6OPsEu7JhKP5_dg3OZPw
				Accept=*/*
				Content-Type=application/json
Cookies:		<none>
Multiparts:		<none>
Body:
{
    "ingredients": [
        "61c0c5a71d1f82001bdaaa6d",
        "61c0c5a71d1f82001bdaaa6f",
        "61c0c5a71d1f82001bdaaa70",
        "61c0c5a71d1f82001bdaaa71",
        "61c0c5a71d1f82001bdaaa72",
        "61c0c5a71d1f82001bdaaa6e",
        "61c0c5a71d1f82001bdaaa73",
        "61c0c5a71d1f82001bdaaa74",
        "61c0c5a71d1f82001bdaaa6c",
        "61c0c5a71d1f82001bdaaa75",
        "61c0c5a71d1f82001bdaaa76",
        "61c0c5a71d1f82001bdaaa77",
        "61c0c5a71d1f82001bdaaa78",
        "61c0c5a71d1f82001bdaaa79",
        "61c0c5a71d1f82001bdaaa7a"
    ]
}
HTTP/1.1 200 OK
Date: Sat, 09 Mar 2024 11:44:21 GMT
Content-Type: application/json; charset=utf-8
Transfer-Encoding: chunked
Connection: keep-alive
X-Powered-By: Express
Access-Control-Allow-Origin: *
ETag: W/"1b9f-J0/Lwryd6pcZIAf/fcay/QO/orI"
CF-Cache-Status: DYNAMIC
Report-To: {"endpoints":[{"url":"https:\/\/a.nel.cloudflare.com\/report\/v3?s=pSr6CUQkchkUfNHxd76CCam3Yr3TJaX%2BywtkbirpxAaP14PRVVNBzFzJLmxVZmYIZQBxfliRg33sNnX6amRI1lBgW%2FABP1IjLjoqj8RIQkGAkWgQNfDD6ecZ7KDUlVZbX9LugQifuo%2BKA5seyfdYMO6z%2FaU%3D"}],"group":"cf-nel","max_age":604800}
NEL: {"success_fraction":0,"report_to":"cf-nel","max_age":604800}
Server: cloudflare
CF-RAY: 861ad003e8f2363b-FRA
Content-Encoding: gzip
alt-svc: h3=":443"; ma=86400

{
    "success": true,
    "name": "Экзо-плантаго альфа-сахаридный минеральный space традиционный-галактический флюоресцентный фалленианский люминесцентный spicy метеоритный краторный антарианский бессмертный био-марсианский астероидный бургер",
    "order": {
        "ingredients": [
            {
                "_id": "61c0c5a71d1f82001bdaaa6d",
                "name": "Флюоресцентная булка R2-D3",
                "type": "bun",
                "proteins": 44,
                "fat": 26,
                "carbohydrates": 85,
                "calories": 643,
                "price": 988,
                "image": "https://code.s3.yandex.net/react/code/bun-01.png",
                "image_mobile": "https://code.s3.yandex.net/react/code/bun-01-mobile.png",
                "image_large": "https://code.s3.yandex.net/react/code/bun-01-large.png",
                "__v": 0
            },
            {
                "_id": "61c0c5a71d1f82001bdaaa6f",
                "name": "Мясо бессмертных моллюсков Protostomia",
                "type": "main",
                "proteins": 433,
                "fat": 244,
                "carbohydrates": 33,
                "calories": 420,
                "price": 1337,
                "image": "https://code.s3.yandex.net/react/code/meat-02.png",
                "image_mobile": "https://code.s3.yandex.net/react/code/meat-02-mobile.png",
                "image_large": "https://code.s3.yandex.net/react/code/meat-02-large.png",
                "__v": 0
            },
            {
                "_id": "61c0c5a71d1f82001bdaaa70",
                "name": "Говяжий метеорит (отбивная)",
                "type": "main",
                "proteins": 800,
                "fat": 800,
                "carbohydrates": 300,
                "calories": 2674,
                "price": 3000,
                "image": "https://code.s3.yandex.net/react/code/meat-04.png",
                "image_mobile": "https://code.s3.yandex.net/react/code/meat-04-mobile.png",
                "image_large": "https://code.s3.yandex.net/react/code/meat-04-large.png",
                "__v": 0
            },
            {
                "_id": "61c0c5a71d1f82001bdaaa71",
                "name": "Биокотлета из марсианской Магнолии",
                "type": "main",
                "proteins": 420,
                "fat": 142,
                "carbohydrates": 242,
                "calories": 4242,
                "price": 424,
                "image": "https://code.s3.yandex.net/react/code/meat-01.png",
                "image_mobile": "https://code.s3.yandex.net/react/code/meat-01-mobile.png",
                "image_large": "https://code.s3.yandex.net/react/code/meat-01-large.png",
                "__v": 0
            },
            {
                "_id": "61c0c5a71d1f82001bdaaa72",
                "name": "Соус Spicy-X",
                "type": "sauce",
                "proteins": 30,
                "fat": 20,
                "carbohydrates": 40,
                "calories": 30,
                "price": 90,
                "image": "https://code.s3.yandex.net/react/code/sauce-02.png",
                "image_mobile": "https://code.s3.yandex.net/react/code/sauce-02-mobile.png",
                "image_large": "https://code.s3.yandex.net/react/code/sauce-02-large.png",
                "__v": 0
            },
            {
                "_id": "61c0c5a71d1f82001bdaaa6e",
                "name": "Филе Люминесцентного тетраодонтимформа",
                "type": "main",
                "proteins": 44,
                "fat": 26,
                "carbohydrates": 85,
                "calories": 643,
                "price": 988,
                "image": "https://code.s3.yandex.net/react/code/meat-03.png",
                "image_mobile": "https://code.s3.yandex.net/react/code/meat-03-mobile.png",
                "image_large": "https://code.s3.yandex.net/react/code/meat-03-large.png",
                "__v": 0
            },
            {
                "_id": "61c0c5a71d1f82001bdaaa73",
                "name": "Соус фирменный Space Sauce",
                "type": "sauce",
                "proteins": 50,
                "fat": 22,
                "carbohydrates": 11,
                "calories": 14,
                "price": 80,
                "image": "https://code.s3.yandex.net/react/code/sauce-04.png",
                "image_mobile": "https://code.s3.yandex.net/react/code/sauce-04-mobile.png",
                "image_large": "https://code.s3.yandex.net/react/code/sauce-04-large.png",
                "__v": 0
            },
            {
                "_id": "61c0c5a71d1f82001bdaaa74",
                "name": "Соус традиционный галактический",
                "type": "sauce",
                "proteins": 42,
                "fat": 24,
                "carbohydrates": 42,
                "calories": 99,
                "price": 15,
                "image": "https://code.s3.yandex.net/react/code/sauce-03.png",
                "image_mobile": "https://code.s3.yandex.net/react/code/sauce-03-mobile.png",
                "image_large": "https://code.s3.yandex.net/react/code/sauce-03-large.png",
                "__v": 0
            },
            {
                "_id": "61c0c5a71d1f82001bdaaa6c",
                "name": "Краторная булка N-200i",
                "type": "bun",
                "proteins": 80,
                "fat": 24,
                "carbohydrates": 53,
                "calories": 420,
                "price": 1255,
                "image": "https://code.s3.yandex.net/react/code/bun-02.png",
                "image_mobile": "https://code.s3.yandex.net/react/code/bun-02-mobile.png",
                "image_large": "https://code.s3.yandex.net/react/code/bun-02-large.png",
                "__v": 0
            },
            {
                "_id": "61c0c5a71d1f82001bdaaa75",
                "name": "Соус с шипами Антарианского плоскоходца",
                "type": "sauce",
                "proteins": 101,
                "fat": 99,
                "carbohydrates": 100,
                "calories": 100,
                "price": 88,
                "image": "https://code.s3.yandex.net/react/code/sauce-01.png",
                "image_mobile": "https://code.s3.yandex.net/react/code/sauce-01-mobile.png",
                "image_large": "https://code.s3.yandex.net/react/code/sauce-01-large.png",
                "__v": 0
            },
            {
                "_id": "61c0c5a71d1f82001bdaaa76",
                "name": "Хрустящие минеральные кольца",
                "type": "main",
                "proteins": 808,
                "fat": 689,
                "carbohydrates": 609,
                "calories": 986,
                "price": 300,
                "image": "https://code.s3.yandex.net/react/code/mineral_rings.png",
                "image_mobile": "https://code.s3.yandex.net/react/code/mineral_rings-mobile.png",
                "image_large": "https://code.s3.yandex.net/react/code/mineral_rings-large.png",
                "__v": 0
            },
            {
                "_id": "61c0c5a71d1f82001bdaaa77",
                "name": "Плоды Фалленианского дерева",
                "type": "main",
                "proteins": 20,
                "fat": 5,
                "carbohydrates": 55,
                "calories": 77,
                "price": 874,
                "image": "https://code.s3.yandex.net/react/code/sp_1.png",
                "image_mobile": "https://code.s3.yandex.net/react/code/sp_1-mobile.png",
                "image_large": "https://code.s3.yandex.net/react/code/sp_1-large.png",
                "__v": 0
            },
            {
                "_id": "61c0c5a71d1f82001bdaaa78",
                "name": "Кристаллы марсианских альфа-сахаридов",
                "type": "main",
                "proteins": 234,
                "fat": 432,
                "carbohydrates": 111,
                "calories": 189,
                "price": 762,
                "image": "https://code.s3.yandex.net/react/code/core.png",
                "image_mobile": "https://code.s3.yandex.net/react/code/core-mobile.png",
                "image_large": "https://code.s3.yandex.net/react/code/core-large.png",
                "__v": 0
            },
            {
                "_id": "61c0c5a71d1f82001bdaaa79",
                "name": "Мини-салат Экзо-Плантаго",
                "type": "main",
                "proteins": 1,
                "fat": 2,
                "carbohydrates": 3,
                "calories": 6,
                "price": 4400,
                "image": "https://code.s3.yandex.net/react/code/salad.png",
                "image_mobile": "https://code.s3.yandex.net/react/code/salad-mobile.png",
                "image_large": "https://code.s3.yandex.net/react/code/salad-large.png",
                "__v": 0
            },
            {
                "_id": "61c0c5a71d1f82001bdaaa7a",
                "name": "Сыр с астероидной плесенью",
                "type": "main",
                "proteins": 84,
                "fat": 48,
                "carbohydrates": 420,
                "calories": 3377,
                "price": 4142,
                "image": "https://code.s3.yandex.net/react/code/cheese.png",
                "image_mobile": "https://code.s3.yandex.net/react/code/cheese-mobile.png",
                "image_large": "https://code.s3.yandex.net/react/code/cheese-large.png",
                "__v": 0
            }
        ],
        "_id": "65ec4b959ed280001b3c8609",
        "owner": {
            "name": "Genoveva Wintheiser V",
            "email": "august.funk@yandex.ru",
            "createdAt": "2024-03-09T11:44:20.565Z",
            "updatedAt": "2024-03-09T11:44:20.565Z"
        },
        "status": "done",
        "name": "Экзо-плантаго альфа-сахаридный минеральный space традиционный-галактический флюоресцентный фалленианский люминесцентный spicy метеоритный краторный антарианский бессмертный био-марсианский астероидный бургер",
        "createdAt": "2024-03-09T11:44:21.159Z",
        "updatedAt": "2024-03-09T11:44:21.502Z",
        "number": 44388,
        "price": 18743
    }
}
Request method:	DELETE
Request URI:	https://stellarburgers.nomoreparties.site/api/auth/user
Proxy:			<none>
Request params:	<none>
Query params:	<none>
Form params:	<none>
Path params:	<none>
Headers:		Authorization=Bearer eyJhbGciOiJIUzI1NiIsInR5cCI6IkpXVCJ9.eyJpZCI6IjY1ZWM0Yjk0OWVkMjgwMDAxYjNjODYwNiIsImlhdCI6MTcwOTk4NDY2MCwiZXhwIjoxNzA5OTg1ODYwfQ.QBDc3M-DAliB1KzQgUH9Vpw6OPsEu7JhKP5_dg3OZPw
				Accept=*/*
				Content-Type=application/json
Cookies:		<none>
Multiparts:		<none>
Body:
{
    "email": "august.funk@yandex.ru",
    "password": "CAevyqxbPm",
    "name": "Genoveva Wintheiser V"
}
HTTP/1.1 202 Accepted
Date: Sat, 09 Mar 2024 11:44:22 GMT
Content-Type: application/json; charset=utf-8
Content-Length: 54
Connection: keep-alive
X-Powered-By: Express
Access-Control-Allow-Origin: *
ETag: W/"36-hDmZnQ3Ou/ynnqAeC6TYmyseuzY"
CF-Cache-Status: DYNAMIC
Report-To: {"endpoints":[{"url":"https:\/\/a.nel.cloudflare.com\/report\/v3?s=SgbZNJEDBp%2FeE9rl1Vu91urgdvgW2tF8KkneDBbXBkhIxoKIN2iZO5EyjeI7Eu%2BF6YzThpwhF7Cwd9bORUtXDL%2Fob2YtWac1x8rwEZTgHkT5zPqXiUoyeps1zN7uq4oxY9DMe1rWVy7QPspNO35Ic9X4SXE%3D"}],"group":"cf-nel","max_age":604800}
NEL: {"success_fraction":0,"report_to":"cf-nel","max_age":604800}
Server: cloudflare
CF-RAY: 861ad009ee515d63-FRA
alt-svc: h3=":443"; ma=86400

{
    "success": true,
    "message": "User successfully removed"
}
]]></system-out>
  </testcase>
  <testcase name="createOrderWithoutIngredient" classname="praktikum.model.CreateOrderTest" time="1.575">
    <system-out><![CDATA[Request method:	POST
Request URI:	https://stellarburgers.nomoreparties.site/api/auth/register
Proxy:			<none>
Request params:	<none>
Query params:	<none>
Form params:	<none>
Path params:	<none>
Headers:		Accept=*/*
				Content-Type=application/json
Cookies:		<none>
Multiparts:		<none>
Body:
{
    "email": "sterling.dubuque@yandex.ru",
    "password": "kXzHgxusvu",
    "name": "Mrs. Andy Kris"
}
HTTP/1.1 200 OK
Date: Sat, 09 Mar 2024 11:44:22 GMT
Content-Type: application/json; charset=utf-8
Transfer-Encoding: chunked
Connection: keep-alive
X-Powered-By: Express
Access-Control-Allow-Origin: *
authorization: Bearer eyJhbGciOiJIUzI1NiIsInR5cCI6IkpXVCJ9.eyJpZCI6IjY1ZWM0Yjk2OWVkMjgwMDAxYjNjODYwYSIsImlhdCI6MTcwOTk4NDY2MiwiZXhwIjoxNzA5OTg1ODYyfQ.WyokNu36TXeiuOq-UJqsDht5T1b_cq8i7O02qf3fWSc
ETag: W/"17b-dMk6FgDWmwF5+uUGaTAm6Qu5vHE"
CF-Cache-Status: DYNAMIC
Report-To: {"endpoints":[{"url":"https:\/\/a.nel.cloudflare.com\/report\/v3?s=8RfokX2KGHp79hSXRBH8jw2nofwHGORuLhc%2FR7u0bhp8XuH6%2FAT4U1Vze0xzI8gDQ76%2FqjP5h2PO3G%2FTMsB1dQC92I1Ec87wJZnsY1ee1gGg6E5e%2F98ks%2BkE3FxJDuL4pYaA3lO2ghR6X8zG%2Bibn0%2BwwuZk%3D"}],"group":"cf-nel","max_age":604800}
NEL: {"success_fraction":0,"report_to":"cf-nel","max_age":604800}
Server: cloudflare
CF-RAY: 861ad00e4f411a7d-FRA
Content-Encoding: gzip
alt-svc: h3=":443"; ma=86400

{
    "success": true,
    "user": {
        "email": "sterling.dubuque@yandex.ru",
        "name": "Mrs. Andy Kris"
    },
    "accessToken": "Bearer eyJhbGciOiJIUzI1NiIsInR5cCI6IkpXVCJ9.eyJpZCI6IjY1ZWM0Yjk2OWVkMjgwMDAxYjNjODYwYSIsImlhdCI6MTcwOTk4NDY2MiwiZXhwIjoxNzA5OTg1ODYyfQ.WyokNu36TXeiuOq-UJqsDht5T1b_cq8i7O02qf3fWSc",
    "refreshToken": "58004f857dfbe09be751ea46bced364f83d1be121f5a4f4b590edf80a08dcd830c4ffa15d6b73036"
}
Request method:	POST
Request URI:	https://stellarburgers.nomoreparties.site/api/auth/login
Proxy:			<none>
Request params:	<none>
Query params:	<none>
Form params:	<none>
Path params:	<none>
Headers:		Accept=*/*
				Content-Type=application/json
Cookies:		<none>
Multiparts:		<none>
Body:
{
    "email": "sterling.dubuque@yandex.ru",
    "password": "kXzHgxusvu",
    "name": "Mrs. Andy Kris"
}
HTTP/1.1 200 OK
Date: Sat, 09 Mar 2024 11:44:23 GMT
Content-Type: application/json; charset=utf-8
Transfer-Encoding: chunked
Connection: keep-alive
X-Powered-By: Express
Access-Control-Allow-Origin: *
ETag: W/"17b-9aRlwYouOhhe2lJkV5xlij1G6gg"
CF-Cache-Status: DYNAMIC
Report-To: {"endpoints":[{"url":"https:\/\/a.nel.cloudflare.com\/report\/v3?s=pqXmj4kJQHD5b9Kvy0%2BgtgV6XgUtl6B9d8UgTc526h3DUN6dE%2BNfAZpnsp5n%2FC5L2hK%2FTu9kkb0L6Ikiv4C1Lt9SjwPhopcOFYCEpdz6MA4xjWojT7VNzfkS%2BLYnsx3OoryiUmKpldSoeVZj0T7j8gkMZT8%3D"}],"group":"cf-nel","max_age":604800}
NEL: {"success_fraction":0,"report_to":"cf-nel","max_age":604800}
Server: cloudflare
CF-RAY: 861ad0105d1d35e2-FRA
Content-Encoding: gzip
alt-svc: h3=":443"; ma=86400

{
    "success": true,
    "accessToken": "Bearer eyJhbGciOiJIUzI1NiIsInR5cCI6IkpXVCJ9.eyJpZCI6IjY1ZWM0Yjk2OWVkMjgwMDAxYjNjODYwYSIsImlhdCI6MTcwOTk4NDY2MywiZXhwIjoxNzA5OTg1ODYzfQ.iM6T_H52vjtT6yzPW69HLBBJ8vx5-TQNLkTUPcfNEPY",
    "refreshToken": "5935a9c9bd773d1a7ab80b495141913f98d265e25116e2b6cb8c5bbb501f0bb0fa7d7f7b3604df84",
    "user": {
        "email": "sterling.dubuque@yandex.ru",
        "name": "Mrs. Andy Kris"
    }
}
Request method:	POST
Request URI:	https://stellarburgers.nomoreparties.site/api/orders
Proxy:			<none>
Request params:	<none>
Query params:	<none>
Form params:	<none>
Path params:	<none>
Headers:		Authorization=Bearer eyJhbGciOiJIUzI1NiIsInR5cCI6IkpXVCJ9.eyJpZCI6IjY1ZWM0Yjk2OWVkMjgwMDAxYjNjODYwYSIsImlhdCI6MTcwOTk4NDY2MywiZXhwIjoxNzA5OTg1ODYzfQ.iM6T_H52vjtT6yzPW69HLBBJ8vx5-TQNLkTUPcfNEPY
				Accept=*/*
				Content-Type=application/json
Cookies:		<none>
Multiparts:		<none>
Body:
{
    
}
HTTP/1.1 400 Bad Request
Date: Sat, 09 Mar 2024 11:44:23 GMT
Content-Type: application/json; charset=utf-8
Content-Length: 61
Connection: keep-alive
X-Powered-By: Express
Access-Control-Allow-Origin: *
ETag: W/"3d-2OjyVsQbcrSKTjJtjBJ5FY7GEPQ"
CF-Cache-Status: DYNAMIC
Report-To: {"endpoints":[{"url":"https:\/\/a.nel.cloudflare.com\/report\/v3?s=OGHTePCYHT6VmWtD97TfoH8oXew8qFpP%2BvFsM812HgN0ekXf6WvCk14WXkJvkNri%2BzHMoWVN3b%2B9%2FICjia9XckjFibPpbGRkV0NAMFzWtMewkD%2FJ%2BCHpsdQmY9hrN4DlsTmSvXODvlbrbc777Yk196GEoAE%3D"}],"group":"cf-nel","max_age":604800}
NEL: {"success_fraction":0,"report_to":"cf-nel","max_age":604800}
Server: cloudflare
CF-RAY: 861ad0124aefbbbf-FRA
alt-svc: h3=":443"; ma=86400

{
    "success": false,
    "message": "Ingredient ids must be provided"
}
HTTP/1.1 400 Bad Request
Date: Sat, 09 Mar 2024 11:44:23 GMT
Content-Type: application/json; charset=utf-8
Content-Length: 61
Connection: keep-alive
X-Powered-By: Express
Access-Control-Allow-Origin: *
ETag: W/"3d-2OjyVsQbcrSKTjJtjBJ5FY7GEPQ"
CF-Cache-Status: DYNAMIC
Report-To: {"endpoints":[{"url":"https:\/\/a.nel.cloudflare.com\/report\/v3?s=OGHTePCYHT6VmWtD97TfoH8oXew8qFpP%2BvFsM812HgN0ekXf6WvCk14WXkJvkNri%2BzHMoWVN3b%2B9%2FICjia9XckjFibPpbGRkV0NAMFzWtMewkD%2FJ%2BCHpsdQmY9hrN4DlsTmSvXODvlbrbc777Yk196GEoAE%3D"}],"group":"cf-nel","max_age":604800}
NEL: {"success_fraction":0,"report_to":"cf-nel","max_age":604800}
Server: cloudflare
CF-RAY: 861ad0124aefbbbf-FRA
alt-svc: h3=":443"; ma=86400

{
    "success": false,
    "message": "Ingredient ids must be provided"
}
Request method:	DELETE
Request URI:	https://stellarburgers.nomoreparties.site/api/auth/user
Proxy:			<none>
Request params:	<none>
Query params:	<none>
Form params:	<none>
Path params:	<none>
Headers:		Authorization=Bearer eyJhbGciOiJIUzI1NiIsInR5cCI6IkpXVCJ9.eyJpZCI6IjY1ZWM0Yjk2OWVkMjgwMDAxYjNjODYwYSIsImlhdCI6MTcwOTk4NDY2MywiZXhwIjoxNzA5OTg1ODYzfQ.iM6T_H52vjtT6yzPW69HLBBJ8vx5-TQNLkTUPcfNEPY
				Accept=*/*
				Content-Type=application/json
Cookies:		<none>
Multiparts:		<none>
Body:
{
    "email": "sterling.dubuque@yandex.ru",
    "password": "kXzHgxusvu",
    "name": "Mrs. Andy Kris"
}
HTTP/1.1 202 Accepted
Date: Sat, 09 Mar 2024 11:44:23 GMT
Content-Type: application/json; charset=utf-8
Content-Length: 54
Connection: keep-alive
X-Powered-By: Express
Access-Control-Allow-Origin: *
ETag: W/"36-hDmZnQ3Ou/ynnqAeC6TYmyseuzY"
CF-Cache-Status: DYNAMIC
Report-To: {"endpoints":[{"url":"https:\/\/a.nel.cloudflare.com\/report\/v3?s=1GmZm1yq6R8dXG%2FugCIwaAb3JAMGvgS3%2FxnrPbC2fdMm8EjnHGJVDWbJcjhjZN0BujyQfKHdFaXud73MpnwStzWxl%2FxkP6J%2FE99usLVcYiAt%2BbFP0GlRm3hMRFrUC7zAO6ZEA%2B2CWpWJuTlUo5uzV31C1gI%3D"}],"group":"cf-nel","max_age":604800}
NEL: {"success_fraction":0,"report_to":"cf-nel","max_age":604800}
Server: cloudflare
CF-RAY: 861ad013ea7c65df-FRA
alt-svc: h3=":443"; ma=86400

{
    "success": true,
    "message": "User successfully removed"
}
]]></system-out>
  </testcase>
  <testcase name="createOrderWithoutLogin" classname="praktikum.model.CreateOrderTest" time="1.591">
    <system-out><![CDATA[Request method:	POST
Request URI:	https://stellarburgers.nomoreparties.site/api/auth/register
Proxy:			<none>
Request params:	<none>
Query params:	<none>
Form params:	<none>
Path params:	<none>
Headers:		Accept=*/*
				Content-Type=application/json
Cookies:		<none>
Multiparts:		<none>
Body:
{
    "email": "dee.jerde@yandex.ru",
    "password": "yyPhCVGLik",
    "name": "Whitney Stiedemann"
}
HTTP/1.1 200 OK
Date: Sat, 09 Mar 2024 11:44:24 GMT
Content-Type: application/json; charset=utf-8
Transfer-Encoding: chunked
Connection: keep-alive
X-Powered-By: Express
Access-Control-Allow-Origin: *
authorization: Bearer eyJhbGciOiJIUzI1NiIsInR5cCI6IkpXVCJ9.eyJpZCI6IjY1ZWM0Yjk4OWVkMjgwMDAxYjNjODYwZCIsImlhdCI6MTcwOTk4NDY2NCwiZXhwIjoxNzA5OTg1ODY0fQ.jHDetxsYl5HV1WgvRMgRW-Y3nUkdGc53O4x6m3mToHk
ETag: W/"178-xVAYVEdt7nbJ9l4utRAkWF3KheE"
CF-Cache-Status: DYNAMIC
Report-To: {"endpoints":[{"url":"https:\/\/a.nel.cloudflare.com\/report\/v4?s=Az3ML15Jm%2FKMWM3E3y47H00AXIDJX9q526ecpHsCTSsImFAdmtKfPVeg7DwmmXsS%2FpNEIAnCKHBQCRtnkbx%2FyUnnO%2Fgdv0L9imJ%2BbEHfsDR97FWUlA6id7etUqZ6Gh4JAX7cgqgOJIMFS5BcH3PJQd5m%2FQU%3D"}],"group":"cf-nel","max_age":604800}
NEL: {"success_fraction":0,"report_to":"cf-nel","max_age":604800}
Server: cloudflare
CF-RAY: 861ad017cd7f3624-FRA
Content-Encoding: gzip
alt-svc: h3=":443"; ma=86400

{
    "success": true,
    "user": {
        "email": "dee.jerde@yandex.ru",
        "name": "Whitney Stiedemann"
    },
    "accessToken": "Bearer eyJhbGciOiJIUzI1NiIsInR5cCI6IkpXVCJ9.eyJpZCI6IjY1ZWM0Yjk4OWVkMjgwMDAxYjNjODYwZCIsImlhdCI6MTcwOTk4NDY2NCwiZXhwIjoxNzA5OTg1ODY0fQ.jHDetxsYl5HV1WgvRMgRW-Y3nUkdGc53O4x6m3mToHk",
    "refreshToken": "e18c86b34cd5f56a421abf3a7a1e21e22fda84e359cbbedbdc7d8ead2ca9f2073a583d94db575b25"
}
Request method:	POST
Request URI:	https://stellarburgers.nomoreparties.site/api/auth/login
Proxy:			<none>
Request params:	<none>
Query params:	<none>
Form params:	<none>
Path params:	<none>
Headers:		Accept=*/*
				Content-Type=application/json
Cookies:		<none>
Multiparts:		<none>
Body:
{
    "email": "dee.jerde@yandex.ru",
    "password": "yyPhCVGLik",
    "name": "Whitney Stiedemann"
}
HTTP/1.1 200 OK
Date: Sat, 09 Mar 2024 11:44:24 GMT
Content-Type: application/json; charset=utf-8
Transfer-Encoding: chunked
Connection: keep-alive
X-Powered-By: Express
Access-Control-Allow-Origin: *
ETag: W/"178-dNk/qmJUqEuwFqN974Pq7bry8/Q"
CF-Cache-Status: DYNAMIC
Report-To: {"endpoints":[{"url":"https:\/\/a.nel.cloudflare.com\/report\/v3?s=079FnpIpJAAPtuxFubcO2zobRIk9v7U0YqPNEjSrOWB3VP1XZ%2BefnoKC5uh%2BX6Av7iSjfa2pnLEYDV%2Bpu2FaC4B3AMycHJ7PNzgIpPuboLaA%2FSZqfjnX%2BCBuY1qY3u0B4cn6uwcROloyOfXHiezoYm3ueSE%3D"}],"group":"cf-nel","max_age":604800}
NEL: {"success_fraction":0,"report_to":"cf-nel","max_age":604800}
Server: cloudflare
CF-RAY: 861ad019df524d67-FRA
Content-Encoding: gzip
alt-svc: h3=":443"; ma=86400

{
    "success": true,
    "accessToken": "Bearer eyJhbGciOiJIUzI1NiIsInR5cCI6IkpXVCJ9.eyJpZCI6IjY1ZWM0Yjk4OWVkMjgwMDAxYjNjODYwZCIsImlhdCI6MTcwOTk4NDY2NCwiZXhwIjoxNzA5OTg1ODY0fQ.jHDetxsYl5HV1WgvRMgRW-Y3nUkdGc53O4x6m3mToHk",
    "refreshToken": "215a19dab885cee3da0a1ead345a75bce6b0e47e7328e503ed15ddb25e1341cf1ec85a91282dfdf2",
    "user": {
        "email": "dee.jerde@yandex.ru",
        "name": "Whitney Stiedemann"
    }
}
Request method:	POST
Request URI:	https://stellarburgers.nomoreparties.site/api/orders
Proxy:			<none>
Request params:	<none>
Query params:	<none>
Form params:	<none>
Path params:	<none>
Headers:		Accept=*/*
				Content-Type=application/json
Cookies:		<none>
Multiparts:		<none>
Body:
{
    "ingredients": [
        "61c0c5a71d1f82001bdaaa6d",
        "61c0c5a71d1f82001bdaaa6f",
        "61c0c5a71d1f82001bdaaa70",
        "61c0c5a71d1f82001bdaaa71",
        "61c0c5a71d1f82001bdaaa72",
        "61c0c5a71d1f82001bdaaa6e",
        "61c0c5a71d1f82001bdaaa73",
        "61c0c5a71d1f82001bdaaa74",
        "61c0c5a71d1f82001bdaaa6c",
        "61c0c5a71d1f82001bdaaa75",
        "61c0c5a71d1f82001bdaaa76",
        "61c0c5a71d1f82001bdaaa77",
        "61c0c5a71d1f82001bdaaa78",
        "61c0c5a71d1f82001bdaaa79",
        "61c0c5a71d1f82001bdaaa7a"
    ]
}
HTTP/1.1 200 OK
Date: Sat, 09 Mar 2024 11:44:25 GMT
Content-Type: application/json; charset=utf-8
Transfer-Encoding: chunked
Connection: keep-alive
X-Powered-By: Express
Access-Control-Allow-Origin: *
ETag: W/"1b3-J7VVg/uJlR+oeuwXt2tTll0PusE"
CF-Cache-Status: DYNAMIC
Report-To: {"endpoints":[{"url":"https:\/\/a.nel.cloudflare.com\/report\/v3?s=VgWJW4EHmFn2dBvUTCbGhrG12swdn13AHGnheRTL%2FUHciAHHasMEQy5yq9Eu7O0NojyaKTGXVlw%2Fo71f3wmjeFvf3oikY8fu8nTfufsKnh%2FwdjujR%2B0n5XPH6xpRznXSrfQpNaQZXPqDBeKm9jgem5bzEzw%3D"}],"group":"cf-nel","max_age":604800}
NEL: {"success_fraction":0,"report_to":"cf-nel","max_age":604800}
Server: cloudflare
CF-RAY: 861ad01bfa6d3aa0-FRA
Content-Encoding: gzip
alt-svc: h3=":443"; ma=86400

{
    "success": true,
    "name": "Экзо-плантаго альфа-сахаридный минеральный space традиционный-галактический флюоресцентный фалленианский люминесцентный spicy метеоритный краторный антарианский бессмертный био-марсианский астероидный бургер",
    "order": {
        "number": 9372
    }
}
Request method:	DELETE
Request URI:	https://stellarburgers.nomoreparties.site/api/auth/user
Proxy:			<none>
Request params:	<none>
Query params:	<none>
Form params:	<none>
Path params:	<none>
Headers:		Authorization=Bearer eyJhbGciOiJIUzI1NiIsInR5cCI6IkpXVCJ9.eyJpZCI6IjY1ZWM0Yjk4OWVkMjgwMDAxYjNjODYwZCIsImlhdCI6MTcwOTk4NDY2NCwiZXhwIjoxNzA5OTg1ODY0fQ.jHDetxsYl5HV1WgvRMgRW-Y3nUkdGc53O4x6m3mToHk
				Accept=*/*
				Content-Type=application/json
Cookies:		<none>
Multiparts:		<none>
Body:
{
    "email": "dee.jerde@yandex.ru",
    "password": "yyPhCVGLik",
    "name": "Whitney Stiedemann"
}
HTTP/1.1 202 Accepted
Date: Sat, 09 Mar 2024 11:44:25 GMT
Content-Type: application/json; charset=utf-8
Content-Length: 54
Connection: keep-alive
X-Powered-By: Express
Access-Control-Allow-Origin: *
ETag: W/"36-hDmZnQ3Ou/ynnqAeC6TYmyseuzY"
CF-Cache-Status: DYNAMIC
Report-To: {"endpoints":[{"url":"https:\/\/a.nel.cloudflare.com\/report\/v3?s=6q7NxRPGWtoZ29Hxzw9JnpiYyYjNh0QTBhQX8GKtVH985SoZ0uMHSFl%2BHHkKUYiLsvASl9jTWjrLJhcrzZjvEMs1086o6bc3JbYRLCAgrN6U%2BerBgr2svdIGEut5EoU3GSsKSLEWyhIXu%2FsVqCxP2Ebjdqo%3D"}],"group":"cf-nel","max_age":604800}
NEL: {"success_fraction":0,"report_to":"cf-nel","max_age":604800}
Server: cloudflare
CF-RAY: 861ad01d9bbb5d84-FRA
alt-svc: h3=":443"; ma=86400

{
    "success": true,
    "message": "User successfully removed"
}
]]></system-out>
  </testcase>
</testsuite>