<?xml version="1.0" encoding="UTF-8"?>
<testsuite xmlns:xsi="http://www.w3.org/2001/XMLSchema-instance" xsi:noNamespaceSchemaLocation="https://maven.apache.org/surefire/maven-surefire-plugin/xsd/surefire-test-report-3.0.xsd" version="3.0" name="praktikum.model.GetOrderUserTest" time="3.992" tests="2" errors="0" skipped="0" failures="0">
  <properties>
    <property name="sun.desktop" value="windows"/>
    <property name="awt.toolkit" value="sun.awt.windows.WToolkit"/>
    <property name="java.specification.version" value="11"/>
    <property name="sun.cpu.isalist" value="amd64"/>
    <property name="sun.jnu.encoding" value="Cp1251"/>
    <property name="java.class.path" value="C:\Users\marki\Diplom\QA-java-diplom-2\target\test-classes;C:\Users\marki\Diplom\QA-java-diplom-2\target\classes;C:\Users\marki\.m2\repository\junit\junit\4.13.2\junit-4.13.2.jar;C:\Users\marki\.m2\repository\org\hamcrest\hamcrest-core\1.3\hamcrest-core-1.3.jar;C:\Users\marki\.m2\repository\io\qameta\allure\allure-junit4\2.25.0\allure-junit4-2.25.0.jar;C:\Users\marki\.m2\repository\io\qameta\allure\allure-java-commons\2.25.0\allure-java-commons-2.25.0.jar;C:\Users\marki\.m2\repository\org\slf4j\slf4j-api\1.7.36\slf4j-api-1.7.36.jar;C:\Users\marki\.m2\repository\io\qameta\allure\allure-model\2.25.0\allure-model-2.25.0.jar;C:\Users\marki\.m2\repository\io\qameta\allure\allure-test-filter\2.25.0\allure-test-filter-2.25.0.jar;C:\Users\marki\.m2\repository\com\github\javafaker\javafaker\1.0.2\javafaker-1.0.2.jar;C:\Users\marki\.m2\repository\org\apache\commons\commons-lang3\3.5\commons-lang3-3.5.jar;C:\Users\marki\.m2\repository\org\yaml\snakeyaml\1.23\snakeyaml-1.23-android.jar;C:\Users\marki\.m2\repository\com\github\mifmif\generex\1.0.2\generex-1.0.2.jar;C:\Users\marki\.m2\repository\dk\brics\automaton\automaton\1.11-8\automaton-1.11-8.jar;C:\Users\marki\.m2\repository\io\rest-assured\rest-assured\5.3.0\rest-assured-5.3.0.jar;C:\Users\marki\.m2\repository\org\apache\groovy\groovy\4.0.6\groovy-4.0.6.jar;C:\Users\marki\.m2\repository\org\apache\groovy\groovy-xml\4.0.6\groovy-xml-4.0.6.jar;C:\Users\marki\.m2\repository\org\apache\httpcomponents\httpclient\4.5.13\httpclient-4.5.13.jar;C:\Users\marki\.m2\repository\org\apache\httpcomponents\httpcore\4.4.13\httpcore-4.4.13.jar;C:\Users\marki\.m2\repository\commons-logging\commons-logging\1.2\commons-logging-1.2.jar;C:\Users\marki\.m2\repository\commons-codec\commons-codec\1.11\commons-codec-1.11.jar;C:\Users\marki\.m2\repository\org\apache\httpcomponents\httpmime\4.5.13\httpmime-4.5.13.jar;C:\Users\marki\.m2\repository\org\hamcrest\hamcrest\2.1\hamcrest-2.1.jar;C:\Users\marki\.m2\repository\org\ccil\cowan\tagsoup\tagsoup\1.2.1\tagsoup-1.2.1.jar;C:\Users\marki\.m2\repository\io\rest-assured\json-path\5.3.0\json-path-5.3.0.jar;C:\Users\marki\.m2\repository\org\apache\groovy\groovy-json\4.0.6\groovy-json-4.0.6.jar;C:\Users\marki\.m2\repository\io\rest-assured\rest-assured-common\5.3.0\rest-assured-common-5.3.0.jar;C:\Users\marki\.m2\repository\io\rest-assured\xml-path\5.3.0\xml-path-5.3.0.jar;C:\Users\marki\.m2\repository\io\qameta\allure\allure-rest-assured\2.25.0\allure-rest-assured-2.25.0.jar;C:\Users\marki\.m2\repository\io\qameta\allure\allure-attachments\2.25.0\allure-attachments-2.25.0.jar;C:\Users\marki\.m2\repository\org\freemarker\freemarker\2.3.31\freemarker-2.3.31.jar;C:\Users\marki\.m2\repository\com\google\code\gson\gson\2.10.1\gson-2.10.1.jar;C:\Users\marki\.m2\repository\net\datafaker\datafaker\1.9.0\datafaker-1.9.0.jar;C:\Users\marki\.m2\repository\org\yaml\snakeyaml\2.0\snakeyaml-2.0.jar;C:\Users\marki\.m2\repository\org\projectlombok\lombok\1.18.30\lombok-1.18.30.jar;"/>
    <property name="java.vm.vendor" value="Amazon.com Inc."/>
    <property name="sun.arch.data.model" value="64"/>
    <property name="user.variant" value=""/>
    <property name="java.vendor.url" value="https://aws.amazon.com/corretto/"/>
    <property name="user.timezone" value="Europe/Moscow"/>
    <property name="java.vm.specification.version" value="11"/>
    <property name="os.name" value="Windows 10"/>
    <property name="sun.java.launcher" value="SUN_STANDARD"/>
    <property name="user.country" value="RU"/>
    <property name="sun.boot.library.path" value="C:\Program Files\Amazon Corretto\jdk11.0.21_9\bin"/>
    <property name="sun.java.command" value="C:\Users\marki\AppData\Local\Temp\surefire9706277395592078544\surefirebooter-20240310161100815_3.jar C:\Users\marki\AppData\Local\Temp\surefire9706277395592078544 2024-03-10T16-11-00_466-jvmRun1 surefire-20240310161100815_1tmp surefire_0-20240310161100815_2tmp"/>
    <property name="jdk.debug" value="release"/>
    <property name="surefire.test.class.path" value="C:\Users\marki\Diplom\QA-java-diplom-2\target\test-classes;C:\Users\marki\Diplom\QA-java-diplom-2\target\classes;C:\Users\marki\.m2\repository\junit\junit\4.13.2\junit-4.13.2.jar;C:\Users\marki\.m2\repository\org\hamcrest\hamcrest-core\1.3\hamcrest-core-1.3.jar;C:\Users\marki\.m2\repository\io\qameta\allure\allure-junit4\2.25.0\allure-junit4-2.25.0.jar;C:\Users\marki\.m2\repository\io\qameta\allure\allure-java-commons\2.25.0\allure-java-commons-2.25.0.jar;C:\Users\marki\.m2\repository\org\slf4j\slf4j-api\1.7.36\slf4j-api-1.7.36.jar;C:\Users\marki\.m2\repository\io\qameta\allure\allure-model\2.25.0\allure-model-2.25.0.jar;C:\Users\marki\.m2\repository\io\qameta\allure\allure-test-filter\2.25.0\allure-test-filter-2.25.0.jar;C:\Users\marki\.m2\repository\com\github\javafaker\javafaker\1.0.2\javafaker-1.0.2.jar;C:\Users\marki\.m2\repository\org\apache\commons\commons-lang3\3.5\commons-lang3-3.5.jar;C:\Users\marki\.m2\repository\org\yaml\snakeyaml\1.23\snakeyaml-1.23-android.jar;C:\Users\marki\.m2\repository\com\github\mifmif\generex\1.0.2\generex-1.0.2.jar;C:\Users\marki\.m2\repository\dk\brics\automaton\automaton\1.11-8\automaton-1.11-8.jar;C:\Users\marki\.m2\repository\io\rest-assured\rest-assured\5.3.0\rest-assured-5.3.0.jar;C:\Users\marki\.m2\repository\org\apache\groovy\groovy\4.0.6\groovy-4.0.6.jar;C:\Users\marki\.m2\repository\org\apache\groovy\groovy-xml\4.0.6\groovy-xml-4.0.6.jar;C:\Users\marki\.m2\repository\org\apache\httpcomponents\httpclient\4.5.13\httpclient-4.5.13.jar;C:\Users\marki\.m2\repository\org\apache\httpcomponents\httpcore\4.4.13\httpcore-4.4.13.jar;C:\Users\marki\.m2\repository\commons-logging\commons-logging\1.2\commons-logging-1.2.jar;C:\Users\marki\.m2\repository\commons-codec\commons-codec\1.11\commons-codec-1.11.jar;C:\Users\marki\.m2\repository\org\apache\httpcomponents\httpmime\4.5.13\httpmime-4.5.13.jar;C:\Users\marki\.m2\repository\org\hamcrest\hamcrest\2.1\hamcrest-2.1.jar;C:\Users\marki\.m2\repository\org\ccil\cowan\tagsoup\tagsoup\1.2.1\tagsoup-1.2.1.jar;C:\Users\marki\.m2\repository\io\rest-assured\json-path\5.3.0\json-path-5.3.0.jar;C:\Users\marki\.m2\repository\org\apache\groovy\groovy-json\4.0.6\groovy-json-4.0.6.jar;C:\Users\marki\.m2\repository\io\rest-assured\rest-assured-common\5.3.0\rest-assured-common-5.3.0.jar;C:\Users\marki\.m2\repository\io\rest-assured\xml-path\5.3.0\xml-path-5.3.0.jar;C:\Users\marki\.m2\repository\io\qameta\allure\allure-rest-assured\2.25.0\allure-rest-assured-2.25.0.jar;C:\Users\marki\.m2\repository\io\qameta\allure\allure-attachments\2.25.0\allure-attachments-2.25.0.jar;C:\Users\marki\.m2\repository\org\freemarker\freemarker\2.3.31\freemarker-2.3.31.jar;C:\Users\marki\.m2\repository\com\google\code\gson\gson\2.10.1\gson-2.10.1.jar;C:\Users\marki\.m2\repository\net\datafaker\datafaker\1.9.0\datafaker-1.9.0.jar;C:\Users\marki\.m2\repository\org\yaml\snakeyaml\2.0\snakeyaml-2.0.jar;C:\Users\marki\.m2\repository\org\projectlombok\lombok\1.18.30\lombok-1.18.30.jar;"/>
    <property name="sun.cpu.endian" value="little"/>
    <property name="allure.results.directory" value="C:\Users\marki\Diplom\QA-java-diplom-2\target/allure-results"/>
    <property name="user.home" value="C:\Users\marki"/>
    <property name="user.language" value="ru"/>
    <property name="java.specification.vendor" value="Oracle Corporation"/>
    <property name="java.version.date" value="2023-10-17"/>
    <property name="java.home" value="C:\Program Files\Amazon Corretto\jdk11.0.21_9"/>
    <property name="file.separator" value="\"/>
    <property name="basedir" value="C:\Users\marki\Diplom\QA-java-diplom-2"/>
    <property name="java.vm.compressedOopsMode" value="Zero based"/>
    <property name="line.separator" value="&#10;"/>
    <property name="java.specification.name" value="Java Platform API Specification"/>
    <property name="java.vm.specification.vendor" value="Oracle Corporation"/>
    <property name="java.awt.graphicsenv" value="sun.awt.Win32GraphicsEnvironment"/>
    <property name="surefire.real.class.path" value="C:\Users\marki\AppData\Local\Temp\surefire9706277395592078544\surefirebooter-20240310161100815_3.jar"/>
    <property name="user.script" value=""/>
    <property name="sun.management.compiler" value="HotSpot 64-Bit Tiered Compilers"/>
    <property name="java.runtime.version" value="11.0.21+9-LTS"/>
    <property name="user.name" value="marki"/>
    <property name="path.separator" value=";"/>
    <property name="os.version" value="10.0"/>
    <property name="java.runtime.name" value="OpenJDK Runtime Environment"/>
    <property name="file.encoding" value="Cp1251"/>
    <property name="java.vm.name" value="OpenJDK 64-Bit Server VM"/>
    <property name="java.vendor.version" value="Corretto-11.0.21.9.1"/>
    <property name="localRepository" value="C:\Users\marki\.m2\repository"/>
    <property name="java.vendor.url.bug" value="https://github.com/corretto/corretto-11/issues/"/>
    <property name="java.io.tmpdir" value="C:\Users\marki\AppData\Local\Temp\"/>
    <property name="idea.version" value="2023.3.4"/>
    <property name="java.version" value="11.0.21"/>
    <property name="user.dir" value="C:\Users\marki\Diplom\QA-java-diplom-2"/>
    <property name="os.arch" value="amd64"/>
    <property name="java.vm.specification.name" value="Java Virtual Machine Specification"/>
    <property name="java.awt.printerjob" value="sun.awt.windows.WPrinterJob"/>
    <property name="sun.os.patch.level" value=""/>
    <property name="java.library.path" value="C:\Program Files\Amazon Corretto\jdk11.0.21_9\bin;C:\Windows\Sun\Java\bin;C:\Windows\system32;C:\Windows;C:\Program Files\Amazon Corretto\jdk11.0.21_9\bin;C:\Program Files\Common Files\Oracle\Java\javapath;C:\Program Files (x86)\Common Files\Oracle\Java\javapath;C:\Windows\system32;C:\Windows;C:\Windows\System32\Wbem;C:\Windows\System32\WindowsPowerShell\v1.0\;C:\Windows\System32\OpenSSH\;C:\Program Files\apache-maven-3.9.5\bin;C:\Program Files\Git\cmd;C:\Program Files\Git\mingw64\bin;C:\Program Files\Git\usr\bin;C:\Program Files (x86)\Yarn\bin\;C:\Program Files\nodejs\;C:\Program Files\allure-2.27.0\bin;;C:\Program Files\Docker\Docker\resources\bin;C:\Program Files\Amazon Corretto\jdk11.0.21_9\bin;C:\Program Files\Common Files\Oracle\Java\javapath;C:\Program Files (x86)\Common Files\Oracle\Java\javapath;C:\Windows\system32;C:\Windows;C:\Windows\System32\Wbem;C:\Windows\System32\WindowsPowerShell\v1.0\;C:\Windows\System32\OpenSSH\;C:\Program Files\apache-maven-3.9.5\bin;C:\Program Files\Git\cmd;C:\Program Files\Git\mingw64\bin;C:\Program Files\Git\usr\bin;C:\Program Files (x86)\Yarn\bin\;C:\Program Files\nodejs\;C:\Program Files\allure-2.27.0\bin;;C:\Program Files\Docker\Docker\resources\bin;;."/>
    <property name="java.vm.info" value="mixed mode"/>
    <property name="java.vendor" value="Amazon.com Inc."/>
    <property name="java.vm.version" value="11.0.21+9-LTS"/>
    <property name="java.specification.maintenance.version" value="2"/>
    <property name="sun.io.unicode.encoding" value="UnicodeLittle"/>
    <property name="java.class.version" value="55.0"/>
  </properties>
  <testcase name="getOrderWithoutLogin" classname="praktikum.model.GetOrderUserTest" time="1.534">
    <system-out><![CDATA[Request method:	POST
Request URI:	https://stellarburgers.nomoreparties.site/api/auth/register
Proxy:			<none>
Request params:	<none>
Query params:	<none>
Form params:	<none>
Path params:	<none>
Headers:		Accept=*/*
				Content-Type=application/json
Cookies:		<none>
Multiparts:		<none>
Body:
{
    "email": "salina.bashirian@yandex.ru",
    "password": "ZlZxZqIMBB",
    "name": "Aurelia Bode"
}
HTTP/1.1 200 OK
Date: Sun, 10 Mar 2024 13:11:20 GMT
Content-Type: application/json; charset=utf-8
Transfer-Encoding: chunked
Connection: keep-alive
X-Powered-By: Express
Access-Control-Allow-Origin: *
authorization: Bearer eyJhbGciOiJIUzI1NiIsInR5cCI6IkpXVCJ9.eyJpZCI6IjY1ZWRiMTc4OWVkMjgwMDAxYjNjOWVkNiIsImlhdCI6MTcxMDA3NjI4MCwiZXhwIjoxNzEwMDc3NDgwfQ.hL6Jf43MpLFPRQODtGe2wRKkkT0LJ4w8IT3Q2080-ik
ETag: W/"179-zBI05zGgaNUbjo2MkwvkVsgD/FE"
CF-Cache-Status: DYNAMIC
Report-To: {"endpoints":[{"url":"https:\/\/a.nel.cloudflare.com\/report\/v3?s=CuBBxUJvynyGFlKYQhEJON10y3yK%2B87UUpeEL4i1RxKGGWHZ6rAVqP2nrJ18QuChv8NB4iDAl2goJF%2FkUH7%2B1MoIvj0KUQYFsbhanXb6xbzjkJgNUrAzOFfs1T1FfycZ1hEZvU8kkaZl1gF%2F8xwGLwxJ078%3D"}],"group":"cf-nel","max_age":604800}
NEL: {"success_fraction":0,"report_to":"cf-nel","max_age":604800}
Server: cloudflare
CF-RAY: 86238cce8c553815-FRA
Content-Encoding: gzip
alt-svc: h3=":443"; ma=86400

{
    "success": true,
    "user": {
        "email": "salina.bashirian@yandex.ru",
        "name": "Aurelia Bode"
    },
    "accessToken": "Bearer eyJhbGciOiJIUzI1NiIsInR5cCI6IkpXVCJ9.eyJpZCI6IjY1ZWRiMTc4OWVkMjgwMDAxYjNjOWVkNiIsImlhdCI6MTcxMDA3NjI4MCwiZXhwIjoxNzEwMDc3NDgwfQ.hL6Jf43MpLFPRQODtGe2wRKkkT0LJ4w8IT3Q2080-ik",
    "refreshToken": "b949ac4df8cbd15eb2627dcd2f7b60265f0cfa6d3f8c4eeafd793f68fa489b6d545ebbb10e0f45d5"
}
Request method:	POST
Request URI:	https://stellarburgers.nomoreparties.site/api/auth/login
Proxy:			<none>
Request params:	<none>
Query params:	<none>
Form params:	<none>
Path params:	<none>
Headers:		Accept=*/*
				Content-Type=application/json
Cookies:		<none>
Multiparts:		<none>
Body:
{
    "email": "salina.bashirian@yandex.ru",
    "password": "ZlZxZqIMBB",
    "name": "Aurelia Bode"
}
HTTP/1.1 200 OK
Date: Sun, 10 Mar 2024 13:11:20 GMT
Content-Type: application/json; charset=utf-8
Transfer-Encoding: chunked
Connection: keep-alive
X-Powered-By: Express
Access-Control-Allow-Origin: *
ETag: W/"179-VaB4tHqqbbTkmos8ziGwD3TP9ug"
CF-Cache-Status: DYNAMIC
Report-To: {"endpoints":[{"url":"https:\/\/a.nel.cloudflare.com\/report\/v3?s=Xy4a4rSA4FpiCYqgAVUVyF%2BW4DsETnWetePA%2BLf3WAWWZlojv1vfv1NM85L7E2eQ8Rhu4iT78O9L8tIr6Sxvj7dyEvxbuCGS1B3q3raCE%2F%2B4WBORrEwkl3EFagu91usd%2BtC6VuKY9UD2FEJM50sXU3WLGzk%3D"}],"group":"cf-nel","max_age":604800}
NEL: {"success_fraction":0,"report_to":"cf-nel","max_age":604800}
Server: cloudflare
CF-RAY: 86238cd06afe5d87-FRA
Content-Encoding: gzip
alt-svc: h3=":443"; ma=86400

{
    "success": true,
    "accessToken": "Bearer eyJhbGciOiJIUzI1NiIsInR5cCI6IkpXVCJ9.eyJpZCI6IjY1ZWRiMTc4OWVkMjgwMDAxYjNjOWVkNiIsImlhdCI6MTcxMDA3NjI4MCwiZXhwIjoxNzEwMDc3NDgwfQ.hL6Jf43MpLFPRQODtGe2wRKkkT0LJ4w8IT3Q2080-ik",
    "refreshToken": "17b7d208f6f9500c88f91f08fd42615884319513fe99e88a5f937cb1ed06f9a9082e35fe4ba1297f",
    "user": {
        "email": "salina.bashirian@yandex.ru",
        "name": "Aurelia Bode"
    }
}
Request method:	GET
Request URI:	https://stellarburgers.nomoreparties.site/api/orders
Proxy:			<none>
Request params:	<none>
Query params:	<none>
Form params:	<none>
Path params:	<none>
Headers:		Accept=*/*
				Content-Type=application/json
Cookies:		<none>
Multiparts:		<none>
Body:			<none>
HTTP/1.1 401 Unauthorized
Date: Sun, 10 Mar 2024 13:11:20 GMT
Content-Type: application/json; charset=utf-8
Content-Length: 54
Connection: keep-alive
X-Powered-By: Express
Access-Control-Allow-Origin: *
ETag: W/"36-9ndkQYJpZ8s0sMN790Nuh0MLq/U"
CF-Cache-Status: DYNAMIC
Report-To: {"endpoints":[{"url":"https:\/\/a.nel.cloudflare.com\/report\/v3?s=elgj8lPDiggl5e6txJAHjdGSeA2CeObzIULUHcRQTH6qPFfLKAAJWRU3snTUX2%2FELGHhqKdyPV0%2FzYc6pGKAP2m5BLFJcWaQQmTBMG8OYnq2HNkJ6jtkEYuer338Ghrl%2BtIJ%2FooZhFUzr71iEFX79RaxnrE%3D"}],"group":"cf-nel","max_age":604800}
NEL: {"success_fraction":0,"report_to":"cf-nel","max_age":604800}
Server: cloudflare
CF-RAY: 86238cd24adc39be-FRA
alt-svc: h3=":443"; ma=86400

{
    "success": false,
    "message": "You should be authorised"
}
HTTP/1.1 401 Unauthorized
Date: Sun, 10 Mar 2024 13:11:20 GMT
Content-Type: application/json; charset=utf-8
Content-Length: 54
Connection: keep-alive
X-Powered-By: Express
Access-Control-Allow-Origin: *
ETag: W/"36-9ndkQYJpZ8s0sMN790Nuh0MLq/U"
CF-Cache-Status: DYNAMIC
Report-To: {"endpoints":[{"url":"https:\/\/a.nel.cloudflare.com\/report\/v3?s=elgj8lPDiggl5e6txJAHjdGSeA2CeObzIULUHcRQTH6qPFfLKAAJWRU3snTUX2%2FELGHhqKdyPV0%2FzYc6pGKAP2m5BLFJcWaQQmTBMG8OYnq2HNkJ6jtkEYuer338Ghrl%2BtIJ%2FooZhFUzr71iEFX79RaxnrE%3D"}],"group":"cf-nel","max_age":604800}
NEL: {"success_fraction":0,"report_to":"cf-nel","max_age":604800}
Server: cloudflare
CF-RAY: 86238cd24adc39be-FRA
alt-svc: h3=":443"; ma=86400

{
    "success": false,
    "message": "You should be authorised"
}
Request method:	DELETE
Request URI:	https://stellarburgers.nomoreparties.site/api/auth/user
Proxy:			<none>
Request params:	<none>
Query params:	<none>
Form params:	<none>
Path params:	<none>
Headers:		Authorization=Bearer eyJhbGciOiJIUzI1NiIsInR5cCI6IkpXVCJ9.eyJpZCI6IjY1ZWRiMTc4OWVkMjgwMDAxYjNjOWVkNiIsImlhdCI6MTcxMDA3NjI4MCwiZXhwIjoxNzEwMDc3NDgwfQ.hL6Jf43MpLFPRQODtGe2wRKkkT0LJ4w8IT3Q2080-ik
				Accept=*/*
				Content-Type=application/json
Cookies:		<none>
Multiparts:		<none>
Body:
{
    "email": "salina.bashirian@yandex.ru",
    "password": "ZlZxZqIMBB",
    "name": "Aurelia Bode"
}
HTTP/1.1 202 Accepted
Date: Sun, 10 Mar 2024 13:11:21 GMT
Content-Type: application/json; charset=utf-8
Content-Length: 54
Connection: keep-alive
X-Powered-By: Express
Access-Control-Allow-Origin: *
ETag: W/"36-hDmZnQ3Ou/ynnqAeC6TYmyseuzY"
CF-Cache-Status: DYNAMIC
Report-To: {"endpoints":[{"url":"https:\/\/a.nel.cloudflare.com\/report\/v3?s=DsA%2FFdYwRwO6YvLCtC8wvEKssNPG%2BS0rh88%2FTTM3%2B%2BO2NCfII7q8NRNTAYHKmbUmBhvFVq9s%2F2xOnw8u8%2FU9wpS7YVN5%2BCYDn2gXH1ZIrlTGEmWTGUFfGckNfWTW3qV5uYM5FjY8J%2BflAzgr0sgUBNqPf6Y%3D"}],"group":"cf-nel","max_age":604800}
NEL: {"success_fraction":0,"report_to":"cf-nel","max_age":604800}
Server: cloudflare
CF-RAY: 86238cd408903764-FRA
alt-svc: h3=":443"; ma=86400

{
    "success": true,
    "message": "User successfully removed"
}
]]></system-out>
  </testcase>
  <testcase name="getOrderWithLogin" classname="praktikum.model.GetOrderUserTest" time="2.452">
    <system-out><![CDATA[Request method:	POST
Request URI:	https://stellarburgers.nomoreparties.site/api/auth/register
Proxy:			<none>
Request params:	<none>
Query params:	<none>
Form params:	<none>
Path params:	<none>
Headers:		Accept=*/*
				Content-Type=application/json
Cookies:		<none>
Multiparts:		<none>
Body:
{
    "email": "roma.ziemann@yandex.ru",
    "password": "LWjTNGDDLG",
    "name": "Lavern Ferry DDS"
}
HTTP/1.1 200 OK
Date: Sun, 10 Mar 2024 13:11:21 GMT
Content-Type: application/json; charset=utf-8
Transfer-Encoding: chunked
Connection: keep-alive
X-Powered-By: Express
Access-Control-Allow-Origin: *
authorization: Bearer eyJhbGciOiJIUzI1NiIsInR5cCI6IkpXVCJ9.eyJpZCI6IjY1ZWRiMTc5OWVkMjgwMDAxYjNjOWVkYiIsImlhdCI6MTcxMDA3NjI4MSwiZXhwIjoxNzEwMDc3NDgxfQ.lOMiaqVJI_2uWhUZUdSH8jICWGtzCTiC4pIvsMyPfUk
ETag: W/"179-PHms5cTNRNvK+HYEMEc3hy/FFhQ"
CF-Cache-Status: DYNAMIC
Report-To: {"endpoints":[{"url":"https:\/\/a.nel.cloudflare.com\/report\/v3?s=dJO9dXJDNEjMIgZZQFqXrVlG3Ltl87pdnh3UfCA%2BzTgjvX8ovCBY%2B1inNHRbNU0jL5z98f4UpBb%2Bic2rgIiItutXIUrp9PP79V6R1NE57Qp19nf6xw1laIZog3PqdWCTYvWFfNN0Z040uIVega6p28plSY4%3D"}],"group":"cf-nel","max_age":604800}
NEL: {"success_fraction":0,"report_to":"cf-nel","max_age":604800}
Server: cloudflare
CF-RAY: 86238cd81c5d3a72-FRA
Content-Encoding: gzip
alt-svc: h3=":443"; ma=86400

{
    "success": true,
    "user": {
        "email": "roma.ziemann@yandex.ru",
        "name": "Lavern Ferry DDS"
    },
    "accessToken": "Bearer eyJhbGciOiJIUzI1NiIsInR5cCI6IkpXVCJ9.eyJpZCI6IjY1ZWRiMTc5OWVkMjgwMDAxYjNjOWVkYiIsImlhdCI6MTcxMDA3NjI4MSwiZXhwIjoxNzEwMDc3NDgxfQ.lOMiaqVJI_2uWhUZUdSH8jICWGtzCTiC4pIvsMyPfUk",
    "refreshToken": "95c52fc7d0d325dc36e4a5d349b2bb542b1544843402bba8390c50845ab4a1760088b6d5e5dcbfbd"
}
Request method:	POST
Request URI:	https://stellarburgers.nomoreparties.site/api/auth/login
Proxy:			<none>
Request params:	<none>
Query params:	<none>
Form params:	<none>
Path params:	<none>
Headers:		Accept=*/*
				Content-Type=application/json
Cookies:		<none>
Multiparts:		<none>
Body:
{
    "email": "roma.ziemann@yandex.ru",
    "password": "LWjTNGDDLG",
    "name": "Lavern Ferry DDS"
}
HTTP/1.1 200 OK
Date: Sun, 10 Mar 2024 13:11:22 GMT
Content-Type: application/json; charset=utf-8
Transfer-Encoding: chunked
Connection: keep-alive
X-Powered-By: Express
Access-Control-Allow-Origin: *
ETag: W/"179-d0/JEdlurjppUPyJ1s66oiOGuF4"
CF-Cache-Status: DYNAMIC
Report-To: {"endpoints":[{"url":"https:\/\/a.nel.cloudflare.com\/report\/v3?s=jxXnKVcPV%2Bsl1iNhut5hC7OZm3l7pvQv5gxR%2BOyvFk5r22IY5MK6Up2uE8KIN6BQa9PdMDl2sVPngNXw9DmeBbEmS%2Fq9gJY5IAzxi0Y%2FOElaW0Tbp3pbzCA6xGeX7HymE9W5BVm6pW77ktU2aXPDI0922BA%3D"}],"group":"cf-nel","max_age":604800}
NEL: {"success_fraction":0,"report_to":"cf-nel","max_age":604800}
Server: cloudflare
CF-RAY: 86238cd9dd002bb9-FRA
Content-Encoding: gzip
alt-svc: h3=":443"; ma=86400

{
    "success": true,
    "accessToken": "Bearer eyJhbGciOiJIUzI1NiIsInR5cCI6IkpXVCJ9.eyJpZCI6IjY1ZWRiMTc5OWVkMjgwMDAxYjNjOWVkYiIsImlhdCI6MTcxMDA3NjI4MiwiZXhwIjoxNzEwMDc3NDgyfQ.v7uwoblBzpsP8aJw7TwD_DQwkPTi6SreN8WWKdOjTlo",
    "refreshToken": "c3bef8ff6da8c3852835327444ff10b98f82401d7be786d2123cf73816ae50d51e76a15356b4a49a",
    "user": {
        "email": "roma.ziemann@yandex.ru",
        "name": "Lavern Ferry DDS"
    }
}
Request method:	POST
Request URI:	https://stellarburgers.nomoreparties.site/api/orders
Proxy:			<none>
Request params:	<none>
Query params:	<none>
Form params:	<none>
Path params:	<none>
Headers:		Authorization=Bearer eyJhbGciOiJIUzI1NiIsInR5cCI6IkpXVCJ9.eyJpZCI6IjY1ZWRiMTc5OWVkMjgwMDAxYjNjOWVkYiIsImlhdCI6MTcxMDA3NjI4MiwiZXhwIjoxNzEwMDc3NDgyfQ.v7uwoblBzpsP8aJw7TwD_DQwkPTi6SreN8WWKdOjTlo
				Accept=*/*
				Content-Type=application/json
Cookies:		<none>
Multiparts:		<none>
Body:
{
    "ingredients": [
        "61c0c5a71d1f82001bdaaa6d",
        "61c0c5a71d1f82001bdaaa6f",
        "61c0c5a71d1f82001bdaaa70",
        "61c0c5a71d1f82001bdaaa71",
        "61c0c5a71d1f82001bdaaa72",
        "61c0c5a71d1f82001bdaaa6e",
        "61c0c5a71d1f82001bdaaa73",
        "61c0c5a71d1f82001bdaaa74",
        "61c0c5a71d1f82001bdaaa6c",
        "61c0c5a71d1f82001bdaaa75",
        "61c0c5a71d1f82001bdaaa76",
        "61c0c5a71d1f82001bdaaa77",
        "61c0c5a71d1f82001bdaaa78",
        "61c0c5a71d1f82001bdaaa79",
        "61c0c5a71d1f82001bdaaa7a"
    ]
}
HTTP/1.1 200 OK
Date: Sun, 10 Mar 2024 13:11:22 GMT
Content-Type: application/json; charset=utf-8
Transfer-Encoding: chunked
Connection: keep-alive
X-Powered-By: Express
Access-Control-Allow-Origin: *
ETag: W/"1b9b-I7scSCgb4tx+e8wrkYdiEqr49DU"
CF-Cache-Status: DYNAMIC
Report-To: {"endpoints":[{"url":"https:\/\/a.nel.cloudflare.com\/report\/v3?s=jlDnEAyMl2dewTvdB75lDhQRFbLYbLyWBMXs0KMuhqdat1RNq9jhLjym7hgRJCDUZ3zLIiWkx8uxZPoKBeKLd7zs5hOprDLbqxvAlVgvuLVcOLUxqv9d7pIhl7Vd%2BRZPcLcK8e%2BN7d%2BASVJjgqw7oYJX%2FtQ%3D"}],"group":"cf-nel","max_age":604800}
NEL: {"success_fraction":0,"report_to":"cf-nel","max_age":604800}
Server: cloudflare
CF-RAY: 86238cdc0bd3366f-FRA
Content-Encoding: gzip
alt-svc: h3=":443"; ma=86400

{
    "success": true,
    "name": "Экзо-плантаго альфа-сахаридный минеральный space традиционный-галактический флюоресцентный фалленианский люминесцентный spicy метеоритный краторный антарианский бессмертный био-марсианский астероидный бургер",
    "order": {
        "ingredients": [
            {
                "_id": "61c0c5a71d1f82001bdaaa6d",
                "name": "Флюоресцентная булка R2-D3",
                "type": "bun",
                "proteins": 44,
                "fat": 26,
                "carbohydrates": 85,
                "calories": 643,
                "price": 988,
                "image": "https://code.s3.yandex.net/react/code/bun-01.png",
                "image_mobile": "https://code.s3.yandex.net/react/code/bun-01-mobile.png",
                "image_large": "https://code.s3.yandex.net/react/code/bun-01-large.png",
                "__v": 0
            },
            {
                "_id": "61c0c5a71d1f82001bdaaa6f",
                "name": "Мясо бессмертных моллюсков Protostomia",
                "type": "main",
                "proteins": 433,
                "fat": 244,
                "carbohydrates": 33,
                "calories": 420,
                "price": 1337,
                "image": "https://code.s3.yandex.net/react/code/meat-02.png",
                "image_mobile": "https://code.s3.yandex.net/react/code/meat-02-mobile.png",
                "image_large": "https://code.s3.yandex.net/react/code/meat-02-large.png",
                "__v": 0
            },
            {
                "_id": "61c0c5a71d1f82001bdaaa70",
                "name": "Говяжий метеорит (отбивная)",
                "type": "main",
                "proteins": 800,
                "fat": 800,
                "carbohydrates": 300,
                "calories": 2674,
                "price": 3000,
                "image": "https://code.s3.yandex.net/react/code/meat-04.png",
                "image_mobile": "https://code.s3.yandex.net/react/code/meat-04-mobile.png",
                "image_large": "https://code.s3.yandex.net/react/code/meat-04-large.png",
                "__v": 0
            },
            {
                "_id": "61c0c5a71d1f82001bdaaa71",
                "name": "Биокотлета из марсианской Магнолии",
                "type": "main",
                "proteins": 420,
                "fat": 142,
                "carbohydrates": 242,
                "calories": 4242,
                "price": 424,
                "image": "https://code.s3.yandex.net/react/code/meat-01.png",
                "image_mobile": "https://code.s3.yandex.net/react/code/meat-01-mobile.png",
                "image_large": "https://code.s3.yandex.net/react/code/meat-01-large.png",
                "__v": 0
            },
            {
                "_id": "61c0c5a71d1f82001bdaaa72",
                "name": "Соус Spicy-X",
                "type": "sauce",
                "proteins": 30,
                "fat": 20,
                "carbohydrates": 40,
                "calories": 30,
                "price": 90,
                "image": "https://code.s3.yandex.net/react/code/sauce-02.png",
                "image_mobile": "https://code.s3.yandex.net/react/code/sauce-02-mobile.png",
                "image_large": "https://code.s3.yandex.net/react/code/sauce-02-large.png",
                "__v": 0
            },
            {
                "_id": "61c0c5a71d1f82001bdaaa6e",
                "name": "Филе Люминесцентного тетраодонтимформа",
                "type": "main",
                "proteins": 44,
                "fat": 26,
                "carbohydrates": 85,
                "calories": 643,
                "price": 988,
                "image": "https://code.s3.yandex.net/react/code/meat-03.png",
                "image_mobile": "https://code.s3.yandex.net/react/code/meat-03-mobile.png",
                "image_large": "https://code.s3.yandex.net/react/code/meat-03-large.png",
                "__v": 0
            },
            {
                "_id": "61c0c5a71d1f82001bdaaa73",
                "name": "Соус фирменный Space Sauce",
                "type": "sauce",
                "proteins": 50,
                "fat": 22,
                "carbohydrates": 11,
                "calories": 14,
                "price": 80,
                "image": "https://code.s3.yandex.net/react/code/sauce-04.png",
                "image_mobile": "https://code.s3.yandex.net/react/code/sauce-04-mobile.png",
                "image_large": "https://code.s3.yandex.net/react/code/sauce-04-large.png",
                "__v": 0
            },
            {
                "_id": "61c0c5a71d1f82001bdaaa74",
                "name": "Соус традиционный галактический",
                "type": "sauce",
                "proteins": 42,
                "fat": 24,
                "carbohydrates": 42,
                "calories": 99,
                "price": 15,
                "image": "https://code.s3.yandex.net/react/code/sauce-03.png",
                "image_mobile": "https://code.s3.yandex.net/react/code/sauce-03-mobile.png",
                "image_large": "https://code.s3.yandex.net/react/code/sauce-03-large.png",
                "__v": 0
            },
            {
                "_id": "61c0c5a71d1f82001bdaaa6c",
                "name": "Краторная булка N-200i",
                "type": "bun",
                "proteins": 80,
                "fat": 24,
                "carbohydrates": 53,
                "calories": 420,
                "price": 1255,
                "image": "https://code.s3.yandex.net/react/code/bun-02.png",
                "image_mobile": "https://code.s3.yandex.net/react/code/bun-02-mobile.png",
                "image_large": "https://code.s3.yandex.net/react/code/bun-02-large.png",
                "__v": 0
            },
            {
                "_id": "61c0c5a71d1f82001bdaaa75",
                "name": "Соус с шипами Антарианского плоскоходца",
                "type": "sauce",
                "proteins": 101,
                "fat": 99,
                "carbohydrates": 100,
                "calories": 100,
                "price": 88,
                "image": "https://code.s3.yandex.net/react/code/sauce-01.png",
                "image_mobile": "https://code.s3.yandex.net/react/code/sauce-01-mobile.png",
                "image_large": "https://code.s3.yandex.net/react/code/sauce-01-large.png",
                "__v": 0
            },
            {
                "_id": "61c0c5a71d1f82001bdaaa76",
                "name": "Хрустящие минеральные кольца",
                "type": "main",
                "proteins": 808,
                "fat": 689,
                "carbohydrates": 609,
                "calories": 986,
                "price": 300,
                "image": "https://code.s3.yandex.net/react/code/mineral_rings.png",
                "image_mobile": "https://code.s3.yandex.net/react/code/mineral_rings-mobile.png",
                "image_large": "https://code.s3.yandex.net/react/code/mineral_rings-large.png",
                "__v": 0
            },
            {
                "_id": "61c0c5a71d1f82001bdaaa77",
                "name": "Плоды Фалленианского дерева",
                "type": "main",
                "proteins": 20,
                "fat": 5,
                "carbohydrates": 55,
                "calories": 77,
                "price": 874,
                "image": "https://code.s3.yandex.net/react/code/sp_1.png",
                "image_mobile": "https://code.s3.yandex.net/react/code/sp_1-mobile.png",
                "image_large": "https://code.s3.yandex.net/react/code/sp_1-large.png",
                "__v": 0
            },
            {
                "_id": "61c0c5a71d1f82001bdaaa78",
                "name": "Кристаллы марсианских альфа-сахаридов",
                "type": "main",
                "proteins": 234,
                "fat": 432,
                "carbohydrates": 111,
                "calories": 189,
                "price": 762,
                "image": "https://code.s3.yandex.net/react/code/core.png",
                "image_mobile": "https://code.s3.yandex.net/react/code/core-mobile.png",
                "image_large": "https://code.s3.yandex.net/react/code/core-large.png",
                "__v": 0
            },
            {
                "_id": "61c0c5a71d1f82001bdaaa79",
                "name": "Мини-салат Экзо-Плантаго",
                "type": "main",
                "proteins": 1,
                "fat": 2,
                "carbohydrates": 3,
                "calories": 6,
                "price": 4400,
                "image": "https://code.s3.yandex.net/react/code/salad.png",
                "image_mobile": "https://code.s3.yandex.net/react/code/salad-mobile.png",
                "image_large": "https://code.s3.yandex.net/react/code/salad-large.png",
                "__v": 0
            },
            {
                "_id": "61c0c5a71d1f82001bdaaa7a",
                "name": "Сыр с астероидной плесенью",
                "type": "main",
                "proteins": 84,
                "fat": 48,
                "carbohydrates": 420,
                "calories": 3377,
                "price": 4142,
                "image": "https://code.s3.yandex.net/react/code/cheese.png",
                "image_mobile": "https://code.s3.yandex.net/react/code/cheese-mobile.png",
                "image_large": "https://code.s3.yandex.net/react/code/cheese-large.png",
                "__v": 0
            }
        ],
        "_id": "65edb17a9ed280001b3c9ede",
        "owner": {
            "name": "Lavern Ferry DDS",
            "email": "roma.ziemann@yandex.ru",
            "createdAt": "2024-03-10T13:11:21.729Z",
            "updatedAt": "2024-03-10T13:11:21.729Z"
        },
        "status": "done",
        "name": "Экзо-плантаго альфа-сахаридный минеральный space традиционный-галактический флюоресцентный фалленианский люминесцентный spicy метеоритный краторный антарианский бессмертный био-марсианский астероидный бургер",
        "createdAt": "2024-03-10T13:11:22.274Z",
        "updatedAt": "2024-03-10T13:11:22.616Z",
        "number": 44638,
        "price": 18743
    }
}
Request method:	GET
Request URI:	https://stellarburgers.nomoreparties.site/api/orders
Proxy:			<none>
Request params:	<none>
Query params:	<none>
Form params:	<none>
Path params:	<none>
Headers:		Authorization=Bearer eyJhbGciOiJIUzI1NiIsInR5cCI6IkpXVCJ9.eyJpZCI6IjY1ZWRiMTc5OWVkMjgwMDAxYjNjOWVkYiIsImlhdCI6MTcxMDA3NjI4MiwiZXhwIjoxNzEwMDc3NDgyfQ.v7uwoblBzpsP8aJw7TwD_DQwkPTi6SreN8WWKdOjTlo
				Accept=*/*
				Content-Type=application/json
Cookies:		<none>
Multiparts:		<none>
Body:			<none>
HTTP/1.1 200 OK
Date: Sun, 10 Mar 2024 13:11:23 GMT
Content-Type: application/json; charset=utf-8
Transfer-Encoding: chunked
Connection: keep-alive
X-Powered-By: Express
Access-Control-Allow-Origin: *
ETag: W/"3fa-4gkPQLEvrlBOJV3lqnCM5dgQE+4"
CF-Cache-Status: DYNAMIC
Report-To: {"endpoints":[{"url":"https:\/\/a.nel.cloudflare.com\/report\/v3?s=U2Rhr2a51PvtUDHbP9UiMN1wKnuiFD924ELFvSrvXDQyCAZPeY895%2B1N5NKXdJ2FftUFGNIyoGaYl11yBNadO%2FB%2FlUN8m%2BbSFnND8YuPbg8yhO2gdvD4utiQsxtI1%2Fvk6g3NpIJdNyof15E1nA4JY0UofYY%3D"}],"group":"cf-nel","max_age":604800}
NEL: {"success_fraction":0,"report_to":"cf-nel","max_age":604800}
Server: cloudflare
CF-RAY: 86238ce14a0c697b-FRA
Content-Encoding: gzip
alt-svc: h3=":443"; ma=86400

{
    "success": true,
    "orders": [
        {
            "_id": "65edb17a9ed280001b3c9ede",
            "ingredients": [
                "61c0c5a71d1f82001bdaaa6d",
                "61c0c5a71d1f82001bdaaa6f",
                "61c0c5a71d1f82001bdaaa70",
                "61c0c5a71d1f82001bdaaa71",
                "61c0c5a71d1f82001bdaaa72",
                "61c0c5a71d1f82001bdaaa6e",
                "61c0c5a71d1f82001bdaaa73",
                "61c0c5a71d1f82001bdaaa74",
                "61c0c5a71d1f82001bdaaa6c",
                "61c0c5a71d1f82001bdaaa75",
                "61c0c5a71d1f82001bdaaa76",
                "61c0c5a71d1f82001bdaaa77",
                "61c0c5a71d1f82001bdaaa78",
                "61c0c5a71d1f82001bdaaa79",
                "61c0c5a71d1f82001bdaaa7a"
            ],
            "status": "done",
            "name": "Экзо-плантаго альфа-сахаридный минеральный space традиционный-галактический флюоресцентный фалленианский люминесцентный spicy метеоритный краторный антарианский бессмертный био-марсианский астероидный бургер",
            "createdAt": "2024-03-10T13:11:22.274Z",
            "updatedAt": "2024-03-10T13:11:22.616Z",
            "number": 44638
        }
    ],
    "total": 44638,
    "totalToday": 235
}
Request method:	DELETE
Request URI:	https://stellarburgers.nomoreparties.site/api/auth/user
Proxy:			<none>
Request params:	<none>
Query params:	<none>
Form params:	<none>
Path params:	<none>
Headers:		Authorization=Bearer eyJhbGciOiJIUzI1NiIsInR5cCI6IkpXVCJ9.eyJpZCI6IjY1ZWRiMTc5OWVkMjgwMDAxYjNjOWVkYiIsImlhdCI6MTcxMDA3NjI4MiwiZXhwIjoxNzEwMDc3NDgyfQ.v7uwoblBzpsP8aJw7TwD_DQwkPTi6SreN8WWKdOjTlo
				Accept=*/*
				Content-Type=application/json
Cookies:		<none>
Multiparts:		<none>
Body:
{
    "email": "roma.ziemann@yandex.ru",
    "password": "LWjTNGDDLG",
    "name": "Lavern Ferry DDS"
}
HTTP/1.1 202 Accepted
Date: Sun, 10 Mar 2024 13:11:23 GMT
Content-Type: application/json; charset=utf-8
Content-Length: 54
Connection: keep-alive
X-Powered-By: Express
Access-Control-Allow-Origin: *
ETag: W/"36-hDmZnQ3Ou/ynnqAeC6TYmyseuzY"
CF-Cache-Status: DYNAMIC
Report-To: {"endpoints":[{"url":"https:\/\/a.nel.cloudflare.com\/report\/v3?s=NTn%2BE6sIsRRoF%2FUeLzr4GfgUgwqcEJdQcGGTesLjjKeccsFCb7sTe4W3%2BrACX3HMrbowpMofSAbBiDc8tDm9NlaMFrRZryJ4jjE9bt65hqTlSMet99i5sNkQygWQA3lBmmbat2U94gcqYy51uWdGsNpxNtg%3D"}],"group":"cf-nel","max_age":604800}
NEL: {"success_fraction":0,"report_to":"cf-nel","max_age":604800}
Server: cloudflare
CF-RAY: 86238ce37ef33a6d-FRA
alt-svc: h3=":443"; ma=86400

{
    "success": true,
    "message": "User successfully removed"
}
]]></system-out>
  </testcase>
</testsuite>